{"/home/travis/build/npmtest/node-npmtest-simple-statistics/test.js":{"path":"/home/travis/build/npmtest/node-npmtest-simple-statistics/test.js","s":{"1":2,"2":2,"3":2,"4":2,"5":2,"6":2,"7":2,"8":1,"9":2,"10":2,"11":1,"12":1,"13":1,"14":1,"15":2,"16":2,"17":2,"18":2,"19":1,"20":1,"21":2,"22":2,"23":2,"24":1,"25":1,"26":1,"27":1,"28":1,"29":1,"30":1,"31":1,"32":1,"33":1,"34":1,"35":1,"36":1,"37":1,"38":1,"39":2,"40":2,"41":1,"42":2,"43":2,"44":1,"45":2,"46":2,"47":1,"48":2,"49":2,"50":1,"51":1,"52":1,"53":1,"54":1},"b":{"1":[2,1,1,1],"2":[1,1,1,1],"3":[1,1],"4":[1,1],"5":[1,1],"6":[1,1],"7":[1,1],"8":[1,1],"9":[1,1],"10":[1,1,1],"11":[1,1],"12":[1,1],"13":[1,1],"14":[1,1],"15":[1,1],"16":[1,1],"17":[1,1]},"f":{"1":2,"2":2,"3":2,"4":2,"5":2,"6":1,"7":1,"8":1,"9":2,"10":2,"11":2,"12":2,"13":1},"fnMap":{"1":{"name":"(anonymous_1)","line":12,"loc":{"start":{"line":12,"column":1},"end":{"line":12,"column":13}}},"2":{"name":"(anonymous_2)","line":19,"loc":{"start":{"line":19,"column":5},"end":{"line":19,"column":17}}},"3":{"name":"(anonymous_3)","line":23,"loc":{"start":{"line":23,"column":24},"end":{"line":23,"column":36}}},"4":{"name":"(anonymous_4)","line":61,"loc":{"start":{"line":61,"column":5},"end":{"line":61,"column":17}}},"5":{"name":"(anonymous_5)","line":82,"loc":{"start":{"line":82,"column":5},"end":{"line":82,"column":17}}},"6":{"name":"(anonymous_6)","line":91,"loc":{"start":{"line":91,"column":77},"end":{"line":94,"column":10}}},"7":{"name":"(anonymous_7)","line":112,"loc":{"start":{"line":112,"column":83},"end":{"line":115,"column":10}},"skip":true},"8":{"name":"(anonymous_8)","line":123,"loc":{"start":{"line":123,"column":77},"end":{"line":126,"column":10}},"skip":true},"9":{"name":"(anonymous_9)","line":139,"loc":{"start":{"line":139,"column":12},"end":{"line":139,"column":40}},"skip":true},"10":{"name":"(anonymous_10)","line":147,"loc":{"start":{"line":147,"column":77},"end":{"line":150,"column":10}},"skip":true},"11":{"name":"(anonymous_11)","line":158,"loc":{"start":{"line":158,"column":83},"end":{"line":161,"column":10}},"skip":true},"12":{"name":"(anonymous_12)","line":169,"loc":{"start":{"line":169,"column":79},"end":{"line":172,"column":10}},"skip":true},"13":{"name":"(anonymous_13)","line":180,"loc":{"start":{"line":180,"column":75},"end":{"line":183,"column":10}},"skip":true}},"statementMap":{"1":{"start":{"line":12,"column":0},"end":{"line":195,"column":5}},"2":{"start":{"line":14,"column":4},"end":{"line":14,"column":14}},"3":{"start":{"line":19,"column":4},"end":{"line":56,"column":9}},"4":{"start":{"line":21,"column":8},"end":{"line":21,"column":19}},"5":{"start":{"line":23,"column":8},"end":{"line":35,"column":13}},"6":{"start":{"line":24,"column":12},"end":{"line":34,"column":13}},"7":{"start":{"line":25,"column":16},"end":{"line":28,"column":30}},"8":{"start":{"line":30,"column":16},"end":{"line":33,"column":27}},"9":{"start":{"line":37,"column":8},"end":{"line":39,"column":21}},"10":{"start":{"line":40,"column":8},"end":{"line":53,"column":9}},"11":{"start":{"line":43,"column":12},"end":{"line":46,"column":14}},"12":{"start":{"line":47,"column":12},"end":{"line":47,"column":18}},"13":{"start":{"line":50,"column":12},"end":{"line":51,"column":33}},"14":{"start":{"line":52,"column":12},"end":{"line":52,"column":18}},"15":{"start":{"line":55,"column":8},"end":{"line":55,"column":35}},"16":{"start":{"line":61,"column":4},"end":{"line":63,"column":9}},"17":{"start":{"line":62,"column":8},"end":{"line":62,"column":15}},"18":{"start":{"line":64,"column":4},"end":{"line":77,"column":5}},"19":{"start":{"line":70,"column":8},"end":{"line":70,"column":14}},"20":{"start":{"line":76,"column":8},"end":{"line":76,"column":14}},"21":{"start":{"line":82,"column":4},"end":{"line":84,"column":9}},"22":{"start":{"line":83,"column":8},"end":{"line":83,"column":15}},"23":{"start":{"line":85,"column":4},"end":{"line":194,"column":5}},"24":{"start":{"line":91,"column":8},"end":{"line":99,"column":10}},"25":{"start":{"line":98,"column":12},"end":{"line":98,"column":35}},"26":{"start":{"line":102,"column":8},"end":{"line":104,"column":63}},"27":{"start":{"line":105,"column":8},"end":{"line":105,"column":14}},"28":{"start":{"line":112,"column":8},"end":{"line":121,"column":10},"skip":true},"29":{"start":{"line":119,"column":12},"end":{"line":119,"column":55},"skip":true},"30":{"start":{"line":120,"column":12},"end":{"line":120,"column":48},"skip":true},"31":{"start":{"line":123,"column":8},"end":{"line":136,"column":10},"skip":true},"32":{"start":{"line":130,"column":12},"end":{"line":130,"column":76},"skip":true},"33":{"start":{"line":131,"column":12},"end":{"line":131,"column":73},"skip":true},"34":{"start":{"line":132,"column":12},"end":{"line":132,"column":74},"skip":true},"35":{"start":{"line":133,"column":12},"end":{"line":133,"column":79},"skip":true},"36":{"start":{"line":134,"column":12},"end":{"line":134,"column":25},"skip":true},"37":{"start":{"line":135,"column":12},"end":{"line":135,"column":45},"skip":true},"38":{"start":{"line":138,"column":8},"end":{"line":145,"column":14},"skip":true},"39":{"start":{"line":143,"column":16},"end":{"line":143,"column":29},"skip":true},"40":{"start":{"line":144,"column":16},"end":{"line":144,"column":55},"skip":true},"41":{"start":{"line":147,"column":8},"end":{"line":156,"column":10},"skip":true},"42":{"start":{"line":154,"column":12},"end":{"line":154,"column":25},"skip":true},"43":{"start":{"line":155,"column":12},"end":{"line":155,"column":45},"skip":true},"44":{"start":{"line":158,"column":8},"end":{"line":167,"column":10},"skip":true},"45":{"start":{"line":165,"column":12},"end":{"line":165,"column":25},"skip":true},"46":{"start":{"line":166,"column":12},"end":{"line":166,"column":48},"skip":true},"47":{"start":{"line":169,"column":8},"end":{"line":178,"column":10},"skip":true},"48":{"start":{"line":176,"column":12},"end":{"line":176,"column":25},"skip":true},"49":{"start":{"line":177,"column":12},"end":{"line":177,"column":46},"skip":true},"50":{"start":{"line":180,"column":8},"end":{"line":189,"column":10},"skip":true},"51":{"start":{"line":187,"column":12},"end":{"line":187,"column":94},"skip":true},"52":{"start":{"line":188,"column":12},"end":{"line":188,"column":48},"skip":true},"53":{"start":{"line":192,"column":8},"end":{"line":192,"column":35},"skip":true},"54":{"start":{"line":193,"column":8},"end":{"line":193,"column":14},"skip":true}},"branchMap":{"1":{"line":25,"type":"binary-expr","locations":[{"start":{"line":25,"column":23},"end":{"line":25,"column":62}},{"start":{"line":26,"column":20},"end":{"line":26,"column":70}},{"start":{"line":27,"column":20},"end":{"line":27,"column":71}},{"start":{"line":28,"column":20},"end":{"line":28,"column":29}}]},"2":{"line":30,"type":"binary-expr","locations":[{"start":{"line":30,"column":23},"end":{"line":30,"column":37}},{"start":{"line":31,"column":20},"end":{"line":31,"column":61}},{"start":{"line":32,"column":20},"end":{"line":32,"column":70}},{"start":{"line":33,"column":20},"end":{"line":33,"column":26}}]},"3":{"line":37,"type":"cond-expr","locations":[{"start":{"line":38,"column":14},"end":{"line":38,"column":20}},{"start":{"line":39,"column":14},"end":{"line":39,"column":20}}]},"4":{"line":40,"type":"switch","locations":[{"start":{"line":42,"column":8},"end":{"line":47,"column":18}},{"start":{"line":49,"column":8},"end":{"line":52,"column":18}}]},"5":{"line":44,"type":"binary-expr","locations":[{"start":{"line":44,"column":16},"end":{"line":44,"column":44}},{"start":{"line":44,"column":48},"end":{"line":44,"column":66}}]},"6":{"line":50,"type":"binary-expr","locations":[{"start":{"line":50,"column":21},"end":{"line":50,"column":49}},{"start":{"line":50,"column":53},"end":{"line":50,"column":72}}]},"7":{"line":64,"type":"switch","locations":[{"start":{"line":69,"column":4},"end":{"line":70,"column":14}},{"start":{"line":75,"column":4},"end":{"line":76,"column":14}}]},"8":{"line":85,"type":"switch","locations":[{"start":{"line":90,"column":4},"end":{"line":105,"column":14}},{"start":{"line":111,"column":4},"end":{"line":193,"column":14},"skip":true}]},"9":{"line":91,"type":"binary-expr","locations":[{"start":{"line":91,"column":42},"end":{"line":91,"column":73}},{"start":{"line":91,"column":77},"end":{"line":99,"column":9}}]},"10":{"line":102,"type":"binary-expr","locations":[{"start":{"line":102,"column":18},"end":{"line":102,"column":32}},{"start":{"line":103,"column":12},"end":{"line":103,"column":53}},{"start":{"line":104,"column":12},"end":{"line":104,"column":61}}]},"11":{"line":112,"type":"binary-expr","locations":[{"start":{"line":112,"column":45},"end":{"line":112,"column":79},"skip":true},{"start":{"line":112,"column":83},"end":{"line":121,"column":9},"skip":true}]},"12":{"line":123,"type":"binary-expr","locations":[{"start":{"line":123,"column":42},"end":{"line":123,"column":73},"skip":true},{"start":{"line":123,"column":77},"end":{"line":136,"column":9},"skip":true}]},"13":{"line":138,"type":"binary-expr","locations":[{"start":{"line":138,"column":48},"end":{"line":138,"column":85},"skip":true},{"start":{"line":139,"column":12},"end":{"line":145,"column":13},"skip":true}]},"14":{"line":147,"type":"binary-expr","locations":[{"start":{"line":147,"column":42},"end":{"line":147,"column":73},"skip":true},{"start":{"line":147,"column":77},"end":{"line":156,"column":9},"skip":true}]},"15":{"line":158,"type":"binary-expr","locations":[{"start":{"line":158,"column":45},"end":{"line":158,"column":79},"skip":true},{"start":{"line":158,"column":83},"end":{"line":167,"column":9},"skip":true}]},"16":{"line":169,"type":"binary-expr","locations":[{"start":{"line":169,"column":43},"end":{"line":169,"column":75},"skip":true},{"start":{"line":169,"column":79},"end":{"line":178,"column":9},"skip":true}]},"17":{"line":180,"type":"binary-expr","locations":[{"start":{"line":180,"column":41},"end":{"line":180,"column":71},"skip":true},{"start":{"line":180,"column":75},"end":{"line":189,"column":9},"skip":true}]}},"code":["/* istanbul instrument in package npmtest_simple_statistics */","/*jslint","    bitwise: true,","    browser: true,","    maxerr: 8,","    maxlen: 96,","    node: true,","    nomen: true,","    regexp: true,","    stupid: true","*/","(function () {","    'use strict';","    var local;","","","","    // run shared js-env code - init-before","    (function () {","        // init local","        local = {};","        // init modeJs","        local.modeJs = (function () {","            try {","                return typeof navigator.userAgent === 'string' &&","                    typeof document.querySelector('body') === 'object' &&","                    typeof XMLHttpRequest.prototype.open === 'function' &&","                    'browser';","            } catch (errorCaughtBrowser) {","                return module.exports &&","                    typeof process.versions.node === 'string' &&","                    typeof require('http').createServer === 'function' &&","                    'node';","            }","        }());","        // init global","        local.global = local.modeJs === 'browser'","            ? window","            : global;","        switch (local.modeJs) {","        // re-init local from window.local","        case 'browser':","            local = local.global.utility2.objectSetDefault(","                local.global.utility2_rollup || local.global.local,","                local.global.utility2","            );","            break;","        // re-init local from example.js","        case 'node':","            local = (local.global.utility2_rollup || require('utility2'))","                .requireReadme();","            break;","        }","        // export local","        local.global.local = local;","    }());","","","","    // run shared js-env code - function","    (function () {","        return;","    }());","    switch (local.modeJs) {","","","","    // run browser js-env code - function","    case 'browser':","        break;","","","","    // run node js-env code - function","    case 'node':","        break;","    }","","","","    // run shared js-env code - init-after","    (function () {","        return;","    }());","    switch (local.modeJs) {","","","","    // run browser js-env code - init-after","    case 'browser':","        local.testCase_browser_nullCase = local.testCase_browser_nullCase || function (","            options,","            onError","        ) {","        /*","         * this function will test browsers's null-case handling-behavior-behavior","         */","            onError(null, options);","        };","","        // run tests","        local.nop(local.modeTest &&","            document.querySelector('#testRunButton1') &&","            document.querySelector('#testRunButton1').click());","        break;","","","","    // run node js-env code - init-after","    /* istanbul ignore next */","    case 'node':","        local.testCase_buildApidoc_default = local.testCase_buildApidoc_default || function (","            options,","            onError","        ) {","        /*","         * this function will test buildApidoc's default handling-behavior-behavior","         */","            options = { modulePathList: module.paths };","            local.buildApidoc(options, onError);","        };","","        local.testCase_buildApp_default = local.testCase_buildApp_default || function (","            options,","            onError","        ) {","        /*","         * this function will test buildApp's default handling-behavior-behavior","         */","            local.testCase_buildReadme_default(options, local.onErrorThrow);","            local.testCase_buildLib_default(options, local.onErrorThrow);","            local.testCase_buildTest_default(options, local.onErrorThrow);","            local.testCase_buildCustomOrg_default(options, local.onErrorThrow);","            options = [];","            local.buildApp(options, onError);","        };","","        local.testCase_buildCustomOrg_default = local.testCase_buildCustomOrg_default ||","            function (options, onError) {","            /*","             * this function will test buildCustomOrg's default handling-behavior","             */","                options = {};","                local.buildCustomOrg(options, onError);","            };","","        local.testCase_buildLib_default = local.testCase_buildLib_default || function (","            options,","            onError","        ) {","        /*","         * this function will test buildLib's default handling-behavior","         */","            options = {};","            local.buildLib(options, onError);","        };","","        local.testCase_buildReadme_default = local.testCase_buildReadme_default || function (","            options,","            onError","        ) {","        /*","         * this function will test buildReadme's default handling-behavior-behavior","         */","            options = {};","            local.buildReadme(options, onError);","        };","","        local.testCase_buildTest_default = local.testCase_buildTest_default || function (","            options,","            onError","        ) {","        /*","         * this function will test buildTest's default handling-behavior","         */","            options = {};","            local.buildTest(options, onError);","        };","","        local.testCase_webpage_default = local.testCase_webpage_default || function (","            options,","            onError","        ) {","        /*","         * this function will test webpage's default handling-behavior","         */","            options = { modeCoverageMerge: true, url: local.serverLocalHost + '?modeTest=1' };","            local.browserTest(options, onError);","        };","","        // run test-server","        local.testRunServer(local);","        break;","    }","}());",""],"l":{"12":2,"14":2,"19":2,"21":2,"23":2,"24":2,"25":2,"30":1,"37":2,"40":2,"43":1,"47":1,"50":1,"52":1,"55":2,"61":2,"62":2,"64":2,"70":1,"76":1,"82":2,"83":2,"85":2,"91":1,"98":1,"102":1,"105":1,"112":1,"119":1,"120":1,"123":1,"130":1,"131":1,"132":1,"133":1,"134":1,"135":1,"138":1,"143":2,"144":2,"147":1,"154":2,"155":2,"158":1,"165":2,"166":2,"169":1,"176":2,"177":2,"180":1,"187":1,"188":1,"192":1,"193":1}},"/home/travis/build/npmtest/node-npmtest-simple-statistics/lib.npmtest_simple_statistics.js":{"path":"/home/travis/build/npmtest/node-npmtest-simple-statistics/lib.npmtest_simple_statistics.js","s":{"1":2,"2":2,"3":2,"4":2,"5":2,"6":2,"7":2,"8":1,"9":2,"10":2,"11":2,"12":2,"13":1,"14":1,"15":1,"16":1},"b":{"1":[2,1,1,1],"2":[1,1,1,1],"3":[1,1],"4":[2,2],"5":[1,1]},"f":{"1":2,"2":2,"3":2},"fnMap":{"1":{"name":"(anonymous_1)","line":12,"loc":{"start":{"line":12,"column":1},"end":{"line":12,"column":13}}},"2":{"name":"(anonymous_2)","line":19,"loc":{"start":{"line":19,"column":5},"end":{"line":19,"column":17}}},"3":{"name":"(anonymous_3)","line":23,"loc":{"start":{"line":23,"column":24},"end":{"line":23,"column":36}}}},"statementMap":{"1":{"start":{"line":12,"column":0},"end":{"line":53,"column":5}},"2":{"start":{"line":14,"column":4},"end":{"line":14,"column":14}},"3":{"start":{"line":19,"column":4},"end":{"line":52,"column":9}},"4":{"start":{"line":21,"column":8},"end":{"line":21,"column":19}},"5":{"start":{"line":23,"column":8},"end":{"line":35,"column":13}},"6":{"start":{"line":24,"column":12},"end":{"line":34,"column":13}},"7":{"start":{"line":25,"column":16},"end":{"line":28,"column":30}},"8":{"start":{"line":30,"column":16},"end":{"line":33,"column":27}},"9":{"start":{"line":37,"column":8},"end":{"line":39,"column":21}},"10":{"start":{"line":41,"column":8},"end":{"line":41,"column":54}},"11":{"start":{"line":43,"column":8},"end":{"line":43,"column":62}},"12":{"start":{"line":45,"column":8},"end":{"line":51,"column":9}},"13":{"start":{"line":46,"column":12},"end":{"line":46,"column":68}},"14":{"start":{"line":48,"column":12},"end":{"line":48,"column":35}},"15":{"start":{"line":49,"column":12},"end":{"line":49,"column":49}},"16":{"start":{"line":50,"column":12},"end":{"line":50,"column":43}}},"branchMap":{"1":{"line":25,"type":"binary-expr","locations":[{"start":{"line":25,"column":23},"end":{"line":25,"column":62}},{"start":{"line":26,"column":20},"end":{"line":26,"column":70}},{"start":{"line":27,"column":20},"end":{"line":27,"column":71}},{"start":{"line":28,"column":20},"end":{"line":28,"column":29}}]},"2":{"line":30,"type":"binary-expr","locations":[{"start":{"line":30,"column":23},"end":{"line":30,"column":37}},{"start":{"line":31,"column":20},"end":{"line":31,"column":61}},{"start":{"line":32,"column":20},"end":{"line":32,"column":70}},{"start":{"line":33,"column":20},"end":{"line":33,"column":26}}]},"3":{"line":37,"type":"cond-expr","locations":[{"start":{"line":38,"column":14},"end":{"line":38,"column":20}},{"start":{"line":39,"column":14},"end":{"line":39,"column":20}}]},"4":{"line":41,"type":"binary-expr","locations":[{"start":{"line":41,"column":16},"end":{"line":41,"column":44}},{"start":{"line":41,"column":48},"end":{"line":41,"column":53}}]},"5":{"line":45,"type":"if","locations":[{"start":{"line":45,"column":8},"end":{"line":45,"column":8}},{"start":{"line":45,"column":8},"end":{"line":45,"column":8}}]}},"code":["/* istanbul instrument in package npmtest_simple_statistics */","/*jslint","    bitwise: true,","    browser: true,","    maxerr: 8,","    maxlen: 96,","    node: true,","    nomen: true,","    regexp: true,","    stupid: true","*/","(function () {","    'use strict';","    var local;","","","","    // run shared js-env code - init-before","    (function () {","        // init local","        local = {};","        // init modeJs","        local.modeJs = (function () {","            try {","                return typeof navigator.userAgent === 'string' &&","                    typeof document.querySelector('body') === 'object' &&","                    typeof XMLHttpRequest.prototype.open === 'function' &&","                    'browser';","            } catch (errorCaughtBrowser) {","                return module.exports &&","                    typeof process.versions.node === 'string' &&","                    typeof require('http').createServer === 'function' &&","                    'node';","            }","        }());","        // init global","        local.global = local.modeJs === 'browser'","            ? window","            : global;","        // init utility2_rollup","        local = local.global.utility2_rollup || local;","        // init lib","        local.local = local.npmtest_simple_statistics = local;","        // init exports","        if (local.modeJs === 'browser') {","            local.global.utility2_npmtest_simple_statistics = local;","        } else {","            module.exports = local;","            module.exports.__dirname = __dirname;","            module.exports.module = module;","        }","    }());","}());",""],"l":{"12":2,"14":2,"19":2,"21":2,"23":2,"24":2,"25":2,"30":1,"37":2,"41":2,"43":2,"45":2,"46":1,"48":1,"49":1,"50":1}},"/home/travis/build/npmtest/node-npmtest-simple-statistics/example.js":{"path":"/home/travis/build/npmtest/node-npmtest-simple-statistics/example.js","s":{"1":2,"2":2,"3":2,"4":2,"5":2,"6":2,"7":2,"8":1,"9":2,"10":2,"11":2,"12":2,"13":1,"14":2,"15":2,"16":2,"17":2,"18":2,"19":0,"20":2,"21":1,"22":1,"23":1,"24":1,"25":1,"26":0,"27":0,"28":1,"29":1,"30":2,"31":0,"32":0,"33":0,"34":1,"35":2,"36":2,"37":3,"38":3,"39":3,"40":3,"41":0,"42":3,"43":3,"44":3,"45":1,"46":3,"47":1,"48":1,"49":1,"50":1,"51":1,"52":1,"53":1,"54":1,"55":1,"56":1,"57":0,"58":1,"59":6,"60":6,"61":1,"62":2,"63":0,"64":2,"65":1,"66":1,"67":0,"68":0,"69":0,"70":0,"71":0,"72":0,"73":0,"74":0,"75":0,"76":0,"77":0,"78":0,"79":0,"80":0,"81":0,"82":0,"83":0},"b":{"1":[2,1,1,1],"2":[1,1,1,1],"3":[1,1],"4":[2,2],"5":[1,1],"6":[1,1],"7":[2,0],"8":[2,1,1,1,1,1],"9":[0,2,0],"10":[1,1],"11":[2,1,1],"12":[1,0],"13":[0,2],"14":[2,0,0,0,0,0,0],"15":[0,3],"16":[3,0],"17":[1,1],"18":[0,1],"19":[1,2,0,2],"20":[1,0],"21":[1,1],"22":[0,0],"23":[0,0],"24":[0,0],"25":[0,0],"26":[0,0],"27":[0,0],"28":[0,0]},"f":{"1":2,"2":2,"3":2,"4":2,"5":2,"6":2,"7":3,"8":3,"9":3,"10":1,"11":6,"12":0},"fnMap":{"1":{"name":"(anonymous_1)","line":26,"loc":{"start":{"line":26,"column":1},"end":{"line":26,"column":13}}},"2":{"name":"(anonymous_2)","line":33,"loc":{"start":{"line":33,"column":5},"end":{"line":33,"column":17}}},"3":{"name":"(anonymous_3)","line":37,"loc":{"start":{"line":37,"column":24},"end":{"line":37,"column":36}}},"4":{"name":"(anonymous_4)","line":69,"loc":{"start":{"line":69,"column":31},"end":{"line":69,"column":48}},"skip":true},"5":{"name":"(anonymous_5)","line":78,"loc":{"start":{"line":78,"column":26},"end":{"line":78,"column":45}},"skip":true},"6":{"name":"(anonymous_6)","line":123,"loc":{"start":{"line":123,"column":33},"end":{"line":123,"column":48}},"skip":true},"7":{"name":"(anonymous_7)","line":125,"loc":{"start":{"line":125,"column":27},"end":{"line":125,"column":39}},"skip":true},"8":{"name":"(anonymous_8)","line":133,"loc":{"start":{"line":133,"column":59},"end":{"line":133,"column":74}},"skip":true},"9":{"name":"(anonymous_9)","line":143,"loc":{"start":{"line":143,"column":45},"end":{"line":143,"column":62}},"skip":true},"10":{"name":"(anonymous_10)","line":144,"loc":{"start":{"line":144,"column":73},"end":{"line":144,"column":92}},"skip":true},"11":{"name":"(anonymous_11)","line":272,"loc":{"start":{"line":272,"column":51},"end":{"line":272,"column":77}},"skip":true},"12":{"name":"(anonymous_12)","line":315,"loc":{"start":{"line":315,"column":32},"end":{"line":315,"column":61}},"skip":true}},"statementMap":{"1":{"start":{"line":26,"column":0},"end":{"line":326,"column":5}},"2":{"start":{"line":28,"column":4},"end":{"line":28,"column":14}},"3":{"start":{"line":33,"column":4},"end":{"line":60,"column":9}},"4":{"start":{"line":35,"column":8},"end":{"line":35,"column":19}},"5":{"start":{"line":37,"column":8},"end":{"line":49,"column":13}},"6":{"start":{"line":38,"column":12},"end":{"line":48,"column":13}},"7":{"start":{"line":39,"column":16},"end":{"line":42,"column":30}},"8":{"start":{"line":44,"column":16},"end":{"line":47,"column":27}},"9":{"start":{"line":51,"column":8},"end":{"line":53,"column":21}},"10":{"start":{"line":55,"column":8},"end":{"line":57,"column":45}},"11":{"start":{"line":59,"column":8},"end":{"line":59,"column":35}},"12":{"start":{"line":61,"column":4},"end":{"line":325,"column":5}},"13":{"start":{"line":69,"column":8},"end":{"line":121,"column":10},"skip":true},"14":{"start":{"line":70,"column":12},"end":{"line":88,"column":13},"skip":true},"15":{"start":{"line":76,"column":16},"end":{"line":87,"column":19},"skip":true},"16":{"start":{"line":79,"column":20},"end":{"line":86,"column":21},"skip":true},"17":{"start":{"line":82,"column":24},"end":{"line":82,"column":43},"skip":true},"18":{"start":{"line":83,"column":24},"end":{"line":83,"column":30},"skip":true},"19":{"start":{"line":85,"column":24},"end":{"line":85,"column":49},"skip":true},"20":{"start":{"line":89,"column":12},"end":{"line":107,"column":13},"skip":true},"21":{"start":{"line":92,"column":16},"end":{"line":102,"column":17},"skip":true},"22":{"start":{"line":93,"column":20},"end":{"line":93,"column":86},"skip":true},"23":{"start":{"line":94,"column":20},"end":{"line":95,"column":45},"skip":true},"24":{"start":{"line":96,"column":20},"end":{"line":96,"column":42},"skip":true},"25":{"start":{"line":97,"column":20},"end":{"line":97,"column":48},"skip":true},"26":{"start":{"line":100,"column":20},"end":{"line":100,"column":85},"skip":true},"27":{"start":{"line":101,"column":20},"end":{"line":101,"column":96},"skip":true},"28":{"start":{"line":103,"column":16},"end":{"line":103,"column":22},"skip":true},"29":{"start":{"line":106,"column":16},"end":{"line":106,"column":22},"skip":true},"30":{"start":{"line":108,"column":12},"end":{"line":120,"column":13},"skip":true},"31":{"start":{"line":114,"column":16},"end":{"line":119,"column":17},"skip":true},"32":{"start":{"line":116,"column":20},"end":{"line":116,"column":78},"skip":true},"33":{"start":{"line":118,"column":20},"end":{"line":118,"column":47},"skip":true},"34":{"start":{"line":123,"column":8},"end":{"line":141,"column":11},"skip":true},"35":{"start":{"line":124,"column":12},"end":{"line":124,"column":54},"skip":true},"36":{"start":{"line":125,"column":12},"end":{"line":140,"column":14},"skip":true},"37":{"start":{"line":126,"column":16},"end":{"line":126,"column":28},"skip":true},"38":{"start":{"line":127,"column":16},"end":{"line":127,"column":69},"skip":true},"39":{"start":{"line":128,"column":16},"end":{"line":128,"column":75},"skip":true},"40":{"start":{"line":129,"column":16},"end":{"line":131,"column":17},"skip":true},"41":{"start":{"line":130,"column":20},"end":{"line":130,"column":27},"skip":true},"42":{"start":{"line":133,"column":16},"end":{"line":137,"column":36},"skip":true},"43":{"start":{"line":134,"column":20},"end":{"line":136,"column":55},"skip":true},"44":{"start":{"line":139,"column":16},"end":{"line":139,"column":57},"skip":true},"45":{"start":{"line":143,"column":8},"end":{"line":147,"column":11},"skip":true},"46":{"start":{"line":144,"column":12},"end":{"line":146,"column":15},"skip":true},"47":{"start":{"line":145,"column":16},"end":{"line":145,"column":70},"skip":true},"48":{"start":{"line":149,"column":8},"end":{"line":149,"column":31},"skip":true},"49":{"start":{"line":150,"column":8},"end":{"line":150,"column":14},"skip":true},"50":{"start":{"line":158,"column":8},"end":{"line":158,"column":31},"skip":true},"51":{"start":{"line":160,"column":8},"end":{"line":160,"column":33},"skip":true},"52":{"start":{"line":161,"column":8},"end":{"line":161,"column":37},"skip":true},"53":{"start":{"line":162,"column":8},"end":{"line":162,"column":35},"skip":true},"54":{"start":{"line":164,"column":8},"end":{"line":164,"column":50},"skip":true},"55":{"start":{"line":166,"column":8},"end":{"line":256,"column":2},"skip":true},"56":{"start":{"line":258,"column":8},"end":{"line":286,"column":9},"skip":true},"57":{"start":{"line":259,"column":12},"end":{"line":269,"column":14},"skip":true},"58":{"start":{"line":271,"column":12},"end":{"line":285,"column":19},"skip":true},"59":{"start":{"line":274,"column":20},"end":{"line":274,"column":35},"skip":true},"60":{"start":{"line":275,"column":20},"end":{"line":284,"column":21},"skip":true},"61":{"start":{"line":277,"column":24},"end":{"line":277,"column":64},"skip":true},"62":{"start":{"line":279,"column":24},"end":{"line":279,"column":40},"skip":true},"63":{"start":{"line":281,"column":24},"end":{"line":281,"column":40},"skip":true},"64":{"start":{"line":283,"column":24},"end":{"line":283,"column":39},"skip":true},"65":{"start":{"line":288,"column":8},"end":{"line":290,"column":9},"skip":true},"66":{"start":{"line":289,"column":12},"end":{"line":289,"column":18},"skip":true},"67":{"start":{"line":291,"column":8},"end":{"line":293,"column":54},"skip":true},"68":{"start":{"line":296,"column":8},"end":{"line":301,"column":37},"skip":true},"69":{"start":{"line":303,"column":8},"end":{"line":303,"column":82},"skip":true},"70":{"start":{"line":306,"column":8},"end":{"line":308,"column":9},"skip":true},"71":{"start":{"line":307,"column":12},"end":{"line":307,"column":82},"skip":true},"72":{"start":{"line":310,"column":8},"end":{"line":312,"column":9},"skip":true},"73":{"start":{"line":311,"column":12},"end":{"line":311,"column":18},"skip":true},"74":{"start":{"line":313,"column":8},"end":{"line":313,"column":54},"skip":true},"75":{"start":{"line":314,"column":8},"end":{"line":314,"column":69},"skip":true},"76":{"start":{"line":315,"column":8},"end":{"line":323,"column":36},"skip":true},"77":{"start":{"line":316,"column":12},"end":{"line":316,"column":61},"skip":true},"78":{"start":{"line":317,"column":12},"end":{"line":320,"column":13},"skip":true},"79":{"start":{"line":318,"column":16},"end":{"line":318,"column":75},"skip":true},"80":{"start":{"line":319,"column":16},"end":{"line":319,"column":23},"skip":true},"81":{"start":{"line":321,"column":12},"end":{"line":321,"column":38},"skip":true},"82":{"start":{"line":322,"column":12},"end":{"line":322,"column":27},"skip":true},"83":{"start":{"line":324,"column":8},"end":{"line":324,"column":14},"skip":true}},"branchMap":{"1":{"line":39,"type":"binary-expr","locations":[{"start":{"line":39,"column":23},"end":{"line":39,"column":62}},{"start":{"line":40,"column":20},"end":{"line":40,"column":70}},{"start":{"line":41,"column":20},"end":{"line":41,"column":71}},{"start":{"line":42,"column":20},"end":{"line":42,"column":29}}]},"2":{"line":44,"type":"binary-expr","locations":[{"start":{"line":44,"column":23},"end":{"line":44,"column":37}},{"start":{"line":45,"column":20},"end":{"line":45,"column":61}},{"start":{"line":46,"column":20},"end":{"line":46,"column":70}},{"start":{"line":47,"column":20},"end":{"line":47,"column":26}}]},"3":{"line":51,"type":"cond-expr","locations":[{"start":{"line":52,"column":14},"end":{"line":52,"column":20}},{"start":{"line":53,"column":14},"end":{"line":53,"column":20}}]},"4":{"line":55,"type":"binary-expr","locations":[{"start":{"line":55,"column":16},"end":{"line":55,"column":44}},{"start":{"line":55,"column":49},"end":{"line":57,"column":43}}]},"5":{"line":55,"type":"cond-expr","locations":[{"start":{"line":56,"column":14},"end":{"line":56,"column":61}},{"start":{"line":57,"column":14},"end":{"line":57,"column":43}}]},"6":{"line":61,"type":"switch","locations":[{"start":{"line":68,"column":4},"end":{"line":150,"column":14},"skip":true},{"start":{"line":156,"column":4},"end":{"line":324,"column":14},"skip":true}]},"7":{"line":70,"type":"if","locations":[{"start":{"line":70,"column":12},"end":{"line":70,"column":12},"skip":true},{"start":{"line":70,"column":12},"end":{"line":70,"column":12},"skip":true}]},"8":{"line":70,"type":"binary-expr","locations":[{"start":{"line":70,"column":16},"end":{"line":70,"column":22},"skip":true},{"start":{"line":70,"column":27},"end":{"line":70,"column":32},"skip":true},{"start":{"line":71,"column":20},"end":{"line":71,"column":39},"skip":true},{"start":{"line":72,"column":20},"end":{"line":72,"column":49},"skip":true},{"start":{"line":73,"column":20},"end":{"line":73,"column":58},"skip":true},{"start":{"line":74,"column":20},"end":{"line":74,"column":69},"skip":true}]},"9":{"line":79,"type":"switch","locations":[{"start":{"line":80,"column":20},"end":{"line":80,"column":33},"skip":true},{"start":{"line":81,"column":20},"end":{"line":83,"column":30},"skip":true},{"start":{"line":84,"column":20},"end":{"line":85,"column":49},"skip":true}]},"10":{"line":89,"type":"switch","locations":[{"start":{"line":90,"column":12},"end":{"line":103,"column":22},"skip":true},{"start":{"line":105,"column":12},"end":{"line":106,"column":22},"skip":true}]},"11":{"line":89,"type":"binary-expr","locations":[{"start":{"line":89,"column":20},"end":{"line":89,"column":25},"skip":true},{"start":{"line":89,"column":29},"end":{"line":89,"column":48},"skip":true},{"start":{"line":89,"column":52},"end":{"line":89,"column":74},"skip":true}]},"12":{"line":92,"type":"if","locations":[{"start":{"line":92,"column":16},"end":{"line":92,"column":16},"skip":true},{"start":{"line":92,"column":16},"end":{"line":92,"column":16},"skip":true}]},"13":{"line":108,"type":"if","locations":[{"start":{"line":108,"column":12},"end":{"line":108,"column":12},"skip":true},{"start":{"line":108,"column":12},"end":{"line":108,"column":12},"skip":true}]},"14":{"line":108,"type":"binary-expr","locations":[{"start":{"line":108,"column":16},"end":{"line":108,"column":61},"skip":true},{"start":{"line":108,"column":66},"end":{"line":108,"column":72},"skip":true},{"start":{"line":108,"column":77},"end":{"line":108,"column":82},"skip":true},{"start":{"line":109,"column":20},"end":{"line":109,"column":39},"skip":true},{"start":{"line":110,"column":20},"end":{"line":110,"column":49},"skip":true},{"start":{"line":111,"column":20},"end":{"line":111,"column":58},"skip":true},{"start":{"line":112,"column":20},"end":{"line":112,"column":68},"skip":true}]},"15":{"line":129,"type":"if","locations":[{"start":{"line":129,"column":16},"end":{"line":129,"column":16},"skip":true},{"start":{"line":129,"column":16},"end":{"line":129,"column":16},"skip":true}]},"16":{"line":134,"type":"cond-expr","locations":[{"start":{"line":135,"column":26},"end":{"line":135,"column":29},"skip":true},{"start":{"line":136,"column":26},"end":{"line":136,"column":54},"skip":true}]},"17":{"line":164,"type":"binary-expr","locations":[{"start":{"line":164,"column":27},"end":{"line":164,"column":43},"skip":true},{"start":{"line":164,"column":47},"end":{"line":164,"column":49},"skip":true}]},"18":{"line":258,"type":"if","locations":[{"start":{"line":258,"column":8},"end":{"line":258,"column":8},"skip":true},{"start":{"line":258,"column":8},"end":{"line":258,"column":8},"skip":true}]},"19":{"line":275,"type":"switch","locations":[{"start":{"line":276,"column":20},"end":{"line":277,"column":64},"skip":true},{"start":{"line":278,"column":20},"end":{"line":279,"column":40},"skip":true},{"start":{"line":280,"column":20},"end":{"line":281,"column":40},"skip":true},{"start":{"line":282,"column":20},"end":{"line":283,"column":39},"skip":true}]},"20":{"line":288,"type":"if","locations":[{"start":{"line":288,"column":8},"end":{"line":288,"column":8},"skip":true},{"start":{"line":288,"column":8},"end":{"line":288,"column":8},"skip":true}]},"21":{"line":288,"type":"binary-expr","locations":[{"start":{"line":288,"column":12},"end":{"line":288,"column":40},"skip":true},{"start":{"line":288,"column":44},"end":{"line":288,"column":67},"skip":true}]},"22":{"line":292,"type":"binary-expr","locations":[{"start":{"line":292,"column":12},"end":{"line":292,"column":50},"skip":true},{"start":{"line":293,"column":12},"end":{"line":293,"column":53},"skip":true}]},"23":{"line":297,"type":"binary-expr","locations":[{"start":{"line":297,"column":12},"end":{"line":297,"column":75},"skip":true},{"start":{"line":298,"column":12},"end":{"line":301,"column":36},"skip":true}]},"24":{"line":303,"type":"binary-expr","locations":[{"start":{"line":303,"column":43},"end":{"line":303,"column":75},"skip":true},{"start":{"line":303,"column":79},"end":{"line":303,"column":81},"skip":true}]},"25":{"line":306,"type":"if","locations":[{"start":{"line":306,"column":8},"end":{"line":306,"column":8},"skip":true},{"start":{"line":306,"column":8},"end":{"line":306,"column":8},"skip":true}]},"26":{"line":310,"type":"if","locations":[{"start":{"line":310,"column":8},"end":{"line":310,"column":8},"skip":true},{"start":{"line":310,"column":8},"end":{"line":310,"column":8},"skip":true}]},"27":{"line":313,"type":"binary-expr","locations":[{"start":{"line":313,"column":27},"end":{"line":313,"column":43},"skip":true},{"start":{"line":313,"column":47},"end":{"line":313,"column":53},"skip":true}]},"28":{"line":317,"type":"if","locations":[{"start":{"line":317,"column":12},"end":{"line":317,"column":12},"skip":true},{"start":{"line":317,"column":12},"end":{"line":317,"column":12},"skip":true}]}},"code":["/*","example.js","","quickstart example","","instruction","    1. save this script as example.js","    2. run the shell command:","        $ npm install npmtest-simple-statistics && PORT=8081 node example.js","    3. play with the browser-demo on http://127.0.0.1:8081","*/","","","","/* istanbul instrument in package npmtest_simple_statistics */","/*jslint","    bitwise: true,","    browser: true,","    maxerr: 8,","    maxlen: 96,","    node: true,","    nomen: true,","    regexp: true,","    stupid: true","*/","(function () {","    'use strict';","    var local;","","","","    // run shared js-env code - init-before","    (function () {","        // init local","        local = {};","        // init modeJs","        local.modeJs = (function () {","            try {","                return typeof navigator.userAgent === 'string' &&","                    typeof document.querySelector('body') === 'object' &&","                    typeof XMLHttpRequest.prototype.open === 'function' &&","                    'browser';","            } catch (errorCaughtBrowser) {","                return module.exports &&","                    typeof process.versions.node === 'string' &&","                    typeof require('http').createServer === 'function' &&","                    'node';","            }","        }());","        // init global","        local.global = local.modeJs === 'browser'","            ? window","            : global;","        // init utility2_rollup","        local = local.global.utility2_rollup || (local.modeJs === 'browser'","            ? local.global.utility2_npmtest_simple_statistics","            : global.utility2_moduleExports);","        // export local","        local.global.local = local;","    }());","    switch (local.modeJs) {","","","","    // init-after","    // run browser js-env code - init-after","    /* istanbul ignore next */","    case 'browser':","        local.testRunBrowser = function (event) {","            if (!event || (event &&","                    event.currentTarget &&","                    event.currentTarget.className &&","                    event.currentTarget.className.includes &&","                    event.currentTarget.className.includes('onreset'))) {","                // reset output","                Array.from(","                    document.querySelectorAll('body > .resettable')","                ).forEach(function (element) {","                    switch (element.tagName) {","                    case 'INPUT':","                    case 'TEXTAREA':","                        element.value = '';","                        break;","                    default:","                        element.textContent = '';","                    }","                });","            }","            switch (event && event.currentTarget && event.currentTarget.id) {","            case 'testRunButton1':","                // show tests","                if (document.querySelector('#testReportDiv1').style.display === 'none') {","                    document.querySelector('#testReportDiv1').style.display = 'block';","                    document.querySelector('#testRunButton1').textContent =","                        'hide internal test';","                    local.modeTest = true;","                    local.testRunDefault(local);","                // hide tests","                } else {","                    document.querySelector('#testReportDiv1').style.display = 'none';","                    document.querySelector('#testRunButton1').textContent = 'run internal test';","                }","                break;","            // custom-case","            default:","                break;","            }","            if (document.querySelector('#inputTextareaEval1') && (!event || (event &&","                    event.currentTarget &&","                    event.currentTarget.className &&","                    event.currentTarget.className.includes &&","                    event.currentTarget.className.includes('oneval')))) {","                // try to eval input-code","                try {","                    /*jslint evil: true*/","                    eval(document.querySelector('#inputTextareaEval1').value);","                } catch (errorCaught) {","                    console.error(errorCaught);","                }","            }","        };","        // log stderr and stdout to #outputTextareaStdout1","        ['error', 'log'].forEach(function (key) {","            console[key + '_original'] = console[key];","            console[key] = function () {","                var element;","                console[key + '_original'].apply(console, arguments);","                element = document.querySelector('#outputTextareaStdout1');","                if (!element) {","                    return;","                }","                // append text to #outputTextareaStdout1","                element.value += Array.from(arguments).map(function (arg) {","                    return typeof arg === 'string'","                        ? arg","                        : JSON.stringify(arg, null, 4);","                }).join(' ') + '\\n';","                // scroll textarea to bottom","                element.scrollTop = element.scrollHeight;","            };","        });","        // init event-handling","        ['change', 'click', 'keyup'].forEach(function (event) {","            Array.from(document.querySelectorAll('.on' + event)).forEach(function (element) {","                element.addEventListener(event, local.testRunBrowser);","            });","        });","        // run tests","        local.testRunBrowser();","        break;","","","","    // run node js-env code - init-after","    /* istanbul ignore next */","    case 'node':","        // export local","        module.exports = local;","        // require modules","        local.fs = require('fs');","        local.http = require('http');","        local.url = require('url');","        // init assets","        local.assetsDict = local.assetsDict || {};","        /* jslint-ignore-begin */","        local.assetsDict['/assets.index.template.html'] = '\\","<!doctype html>\\n\\","<html lang=\"en\">\\n\\","<head>\\n\\","<meta charset=\"UTF-8\">\\n\\","<meta name=\"viewport\" content=\"width=device-width, initial-scale=1\">\\n\\","<title>{{env.npm_package_name}} (v{{env.npm_package_version}})</title>\\n\\","<style>\\n\\","/*csslint\\n\\","    box-sizing: false,\\n\\","    universal-selector: false\\n\\","*/\\n\\","* {\\n\\","    box-sizing: border-box;\\n\\","}\\n\\","body {\\n\\","    background: #dde;\\n\\","    font-family: Arial, Helvetica, sans-serif;\\n\\","    margin: 2rem;\\n\\","}\\n\\","body > * {\\n\\","    margin-bottom: 1rem;\\n\\","}\\n\\",".utility2FooterDiv {\\n\\","    margin-top: 20px;\\n\\","    text-align: center;\\n\\","}\\n\\","</style>\\n\\","<style>\\n\\","/*csslint\\n\\","*/\\n\\","textarea {\\n\\","    font-family: monospace;\\n\\","    height: 10rem;\\n\\","    width: 100%;\\n\\","}\\n\\","textarea[readonly] {\\n\\","    background: #ddd;\\n\\","}\\n\\","</style>\\n\\","</head>\\n\\","<body>\\n\\","<!-- utility2-comment\\n\\","<div id=\"ajaxProgressDiv1\" style=\"background: #d00; height: 2px; left: 0; margin: 0; padding: 0; position: fixed; top: 0; transition: background 0.5s, width 1.5s; width: 25%;\"></div>\\n\\","utility2-comment -->\\n\\","<h1>\\n\\","<!-- utility2-comment\\n\\","    <a\\n\\","        {{#if env.npm_package_homepage}}\\n\\","        href=\"{{env.npm_package_homepage}}\"\\n\\","        {{/if env.npm_package_homepage}}\\n\\","        target=\"_blank\"\\n\\","    >\\n\\","utility2-comment -->\\n\\","        {{env.npm_package_name}} (v{{env.npm_package_version}})\\n\\","<!-- utility2-comment\\n\\","    </a>\\n\\","utility2-comment -->\\n\\","</h1>\\n\\","<h3>{{env.npm_package_description}}</h3>\\n\\","<!-- utility2-comment\\n\\","<h4><a download href=\"assets.app.js\">download standalone app</a></h4>\\n\\","<button class=\"onclick onreset\" id=\"testRunButton1\">run internal test</button><br>\\n\\","<div id=\"testReportDiv1\" style=\"display: none;\"></div>\\n\\","utility2-comment -->\\n\\","\\n\\","\\n\\","\\n\\","<label>stderr and stdout</label>\\n\\","<textarea class=\"resettable\" id=\"outputTextareaStdout1\" readonly></textarea>\\n\\","<!-- utility2-comment\\n\\","{{#if isRollup}}\\n\\","<script src=\"assets.app.js\"></script>\\n\\","{{#unless isRollup}}\\n\\","utility2-comment -->\\n\\","<script src=\"assets.utility2.rollup.js\"></script>\\n\\","<script src=\"jsonp.utility2._stateInit?callback=window.utility2._stateInit\"></script>\\n\\","<script src=\"assets.npmtest_simple_statistics.rollup.js\"></script>\\n\\","<script src=\"assets.example.js\"></script>\\n\\","<script src=\"assets.test.js\"></script>\\n\\","<!-- utility2-comment\\n\\","{{/if isRollup}}\\n\\","utility2-comment -->\\n\\","<div class=\"utility2FooterDiv\">\\n\\","    [ this app was created with\\n\\","    <a href=\"https://github.com/kaizhu256/node-utility2\" target=\"_blank\">utility2</a>\\n\\","    ]\\n\\","</div>\\n\\","</body>\\n\\","</html>\\n\\","';","        /* jslint-ignore-end */","        if (local.templateRender) {","            local.assetsDict['/'] = local.templateRender(","                local.assetsDict['/assets.index.template.html'],","                {","                    env: local.objectSetDefault(local.env, {","                        npm_package_description: 'the greatest app in the world!',","                        npm_package_name: 'my-app',","                        npm_package_nameAlias: 'my_app',","                        npm_package_version: '0.0.1'","                    })","                }","            );","        } else {","            local.assetsDict['/'] = local.assetsDict['/assets.index.template.html']","                .replace((/\\{\\{env\\.(\\w+?)\\}\\}/g), function (match0, match1) {","                    // jslint-hack","                    String(match0);","                    switch (match1) {","                    case 'npm_package_description':","                        return 'the greatest app in the world!';","                    case 'npm_package_name':","                        return 'my-app';","                    case 'npm_package_nameAlias':","                        return 'my_app';","                    case 'npm_package_version':","                        return '0.0.1';","                    }","                });","        }","        // run the cli","        if (local.global.utility2_rollup || module !== require.main) {","            break;","        }","        local.assetsDict['/assets.example.js'] =","            local.assetsDict['/assets.example.js'] ||","            local.fs.readFileSync(__filename, 'utf8');","        // bug-workaround - long $npm_package_buildCustomOrg","        /* jslint-ignore-begin */","        local.assetsDict['/assets.npmtest_simple_statistics.rollup.js'] =","            local.assetsDict['/assets.npmtest_simple_statistics.rollup.js'] ||","            local.fs.readFileSync(","                local.npmtest_simple_statistics.__dirname + '/lib.npmtest_simple_statistics.js',","                'utf8'","            ).replace((/^#!/), '//');","        /* jslint-ignore-end */","        local.assetsDict['/favicon.ico'] = local.assetsDict['/favicon.ico'] || '';","        // if $npm_config_timeout_exit exists,","        // then exit this process after $npm_config_timeout_exit ms","        if (Number(process.env.npm_config_timeout_exit)) {","            setTimeout(process.exit, Number(process.env.npm_config_timeout_exit));","        }","        // start server","        if (local.global.utility2_serverHttp1) {","            break;","        }","        process.env.PORT = process.env.PORT || '8081';","        console.error('server starting on port ' + process.env.PORT);","        local.http.createServer(function (request, response) {","            request.urlParsed = local.url.parse(request.url);","            if (local.assetsDict[request.urlParsed.pathname] !== undefined) {","                response.end(local.assetsDict[request.urlParsed.pathname]);","                return;","            }","            response.statusCode = 404;","            response.end();","        }).listen(process.env.PORT);","        break;","    }","}());",""],"l":{"26":2,"28":2,"33":2,"35":2,"37":2,"38":2,"39":2,"44":1,"51":2,"55":2,"59":2,"61":2,"69":1,"70":2,"76":2,"79":2,"82":2,"83":2,"85":1,"89":2,"92":1,"93":1,"94":1,"96":1,"97":1,"100":1,"101":1,"103":1,"106":1,"108":2,"114":1,"116":1,"118":1,"123":1,"124":2,"125":2,"126":3,"127":3,"128":3,"129":3,"130":1,"133":3,"134":3,"139":3,"143":1,"144":3,"145":1,"149":1,"150":1,"158":1,"160":1,"161":1,"162":1,"164":1,"166":1,"258":1,"259":1,"271":1,"274":6,"275":6,"277":1,"279":2,"281":1,"283":2,"288":1,"289":1,"291":1,"296":1,"303":1,"306":1,"307":1,"310":1,"311":1,"313":1,"314":1,"315":1,"316":1,"317":1,"318":1,"319":1,"321":1,"322":1,"324":1}},"/home/travis/build/npmtest/node-npmtest-simple-statistics/node_modules/simple-statistics/index.js":{"path":"/home/travis/build/npmtest/node-npmtest-simple-statistics/node_modules/simple-statistics/index.js","s":{"1":1,"2":1,"3":1,"4":1,"5":1,"6":1,"7":1,"8":1,"9":1,"10":1,"11":1,"12":1,"13":1,"14":1,"15":1,"16":1,"17":1,"18":1,"19":1,"20":1,"21":1,"22":1,"23":1,"24":1,"25":1,"26":1,"27":1,"28":1,"29":1,"30":1,"31":1,"32":1,"33":1,"34":1,"35":1,"36":1,"37":1,"38":1,"39":1,"40":1,"41":1,"42":1,"43":1,"44":1,"45":1,"46":1,"47":1,"48":1,"49":1,"50":1,"51":1,"52":1,"53":1,"54":1,"55":1,"56":1,"57":1,"58":1,"59":1,"60":1,"61":1,"62":1,"63":1,"64":1,"65":1},"b":{},"f":{},"fnMap":{},"statementMap":{"1":{"start":{"line":8,"column":0},"end":{"line":8,"column":29}},"2":{"start":{"line":11,"column":0},"end":{"line":11,"column":57}},"3":{"start":{"line":12,"column":0},"end":{"line":12,"column":66}},"4":{"start":{"line":13,"column":0},"end":{"line":13,"column":59}},"5":{"start":{"line":14,"column":0},"end":{"line":14,"column":41}},"6":{"start":{"line":15,"column":0},"end":{"line":15,"column":32}},"7":{"start":{"line":16,"column":0},"end":{"line":16,"column":41}},"8":{"start":{"line":17,"column":0},"end":{"line":17,"column":45}},"9":{"start":{"line":18,"column":0},"end":{"line":18,"column":30}},"10":{"start":{"line":19,"column":0},"end":{"line":19,"column":30}},"11":{"start":{"line":20,"column":0},"end":{"line":20,"column":43}},"12":{"start":{"line":21,"column":0},"end":{"line":21,"column":43}},"13":{"start":{"line":22,"column":0},"end":{"line":22,"column":30}},"14":{"start":{"line":23,"column":0},"end":{"line":23,"column":43}},"15":{"start":{"line":24,"column":0},"end":{"line":24,"column":38}},"16":{"start":{"line":25,"column":0},"end":{"line":25,"column":40}},"17":{"start":{"line":26,"column":0},"end":{"line":26,"column":53}},"18":{"start":{"line":27,"column":0},"end":{"line":27,"column":70}},"19":{"start":{"line":28,"column":0},"end":{"line":28,"column":81}},"20":{"start":{"line":29,"column":0},"end":{"line":29,"column":34}},"21":{"start":{"line":30,"column":0},"end":{"line":30,"column":68}},"22":{"start":{"line":31,"column":0},"end":{"line":31,"column":38}},"23":{"start":{"line":32,"column":0},"end":{"line":32,"column":54}},"24":{"start":{"line":33,"column":0},"end":{"line":33,"column":36}},"25":{"start":{"line":34,"column":0},"end":{"line":34,"column":38}},"26":{"start":{"line":35,"column":0},"end":{"line":35,"column":60}},"27":{"start":{"line":36,"column":0},"end":{"line":36,"column":69}},"28":{"start":{"line":37,"column":0},"end":{"line":37,"column":64}},"29":{"start":{"line":40,"column":0},"end":{"line":40,"column":57}},"30":{"start":{"line":41,"column":0},"end":{"line":41,"column":59}},"31":{"start":{"line":42,"column":0},"end":{"line":42,"column":53}},"32":{"start":{"line":43,"column":0},"end":{"line":43,"column":72}},"33":{"start":{"line":44,"column":0},"end":{"line":44,"column":53}},"34":{"start":{"line":47,"column":0},"end":{"line":47,"column":57}},"35":{"start":{"line":48,"column":0},"end":{"line":48,"column":48}},"36":{"start":{"line":49,"column":0},"end":{"line":49,"column":71}},"37":{"start":{"line":52,"column":0},"end":{"line":52,"column":44}},"38":{"start":{"line":53,"column":0},"end":{"line":53,"column":49}},"39":{"start":{"line":54,"column":0},"end":{"line":54,"column":57}},"40":{"start":{"line":55,"column":0},"end":{"line":55,"column":51}},"41":{"start":{"line":56,"column":0},"end":{"line":56,"column":49}},"42":{"start":{"line":57,"column":0},"end":{"line":57,"column":45}},"43":{"start":{"line":58,"column":0},"end":{"line":58,"column":36}},"44":{"start":{"line":59,"column":0},"end":{"line":59,"column":49}},"45":{"start":{"line":60,"column":0},"end":{"line":60,"column":58}},"46":{"start":{"line":62,"column":0},"end":{"line":62,"column":63}},"47":{"start":{"line":63,"column":0},"end":{"line":63,"column":40}},"48":{"start":{"line":64,"column":0},"end":{"line":64,"column":35}},"49":{"start":{"line":65,"column":0},"end":{"line":65,"column":55}},"50":{"start":{"line":69,"column":0},"end":{"line":69,"column":51}},"51":{"start":{"line":70,"column":0},"end":{"line":70,"column":44}},"52":{"start":{"line":73,"column":0},"end":{"line":73,"column":38}},"53":{"start":{"line":74,"column":0},"end":{"line":74,"column":42}},"54":{"start":{"line":75,"column":0},"end":{"line":75,"column":67}},"55":{"start":{"line":76,"column":0},"end":{"line":76,"column":65}},"56":{"start":{"line":77,"column":0},"end":{"line":77,"column":63}},"57":{"start":{"line":78,"column":0},"end":{"line":78,"column":74}},"58":{"start":{"line":81,"column":0},"end":{"line":81,"column":37}},"59":{"start":{"line":82,"column":0},"end":{"line":82,"column":87}},"60":{"start":{"line":83,"column":0},"end":{"line":83,"column":64}},"61":{"start":{"line":84,"column":0},"end":{"line":84,"column":60}},"62":{"start":{"line":85,"column":0},"end":{"line":85,"column":66}},"63":{"start":{"line":86,"column":0},"end":{"line":86,"column":36}},"64":{"start":{"line":87,"column":0},"end":{"line":87,"column":34}},"65":{"start":{"line":90,"column":0},"end":{"line":90,"column":36}}},"branchMap":{},"code":["/* @flow */","'use strict';","","// # simple-statistics","//","// A simple, literate statistics system.","","var ss = module.exports = {};","","// Linear Regression","ss.linearRegression = require('./src/linear_regression');","ss.linearRegressionLine = require('./src/linear_regression_line');","ss.standardDeviation = require('./src/standard_deviation');","ss.rSquared = require('./src/r_squared');","ss.mode = require('./src/mode');","ss.modeFast = require('./src/mode_fast');","ss.modeSorted = require('./src/mode_sorted');","ss.min = require('./src/min');","ss.max = require('./src/max');","ss.minSorted = require('./src/min_sorted');","ss.maxSorted = require('./src/max_sorted');","ss.sum = require('./src/sum');","ss.sumSimple = require('./src/sum_simple');","ss.product = require('./src/product');","ss.quantile = require('./src/quantile');","ss.quantileSorted = require('./src/quantile_sorted');","ss.iqr = ss.interquartileRange = require('./src/interquartile_range');","ss.medianAbsoluteDeviation = ss.mad = require('./src/median_absolute_deviation');","ss.chunk = require('./src/chunk');","ss.sampleWithReplacement = require('./src/sample_with_replacement');","ss.shuffle = require('./src/shuffle');","ss.shuffleInPlace = require('./src/shuffle_in_place');","ss.sample = require('./src/sample');","ss.ckmeans = require('./src/ckmeans');","ss.uniqueCountSorted = require('./src/unique_count_sorted');","ss.sumNthPowerDeviations = require('./src/sum_nth_power_deviations');","ss.equalIntervalBreaks = require('./src/equal_interval_breaks');","","// sample statistics","ss.sampleCovariance = require('./src/sample_covariance');","ss.sampleCorrelation = require('./src/sample_correlation');","ss.sampleVariance = require('./src/sample_variance');","ss.sampleStandardDeviation = require('./src/sample_standard_deviation');","ss.sampleSkewness = require('./src/sample_skewness');","","// combinatorics","ss.permutationsHeap = require('./src/permutations_heap');","ss.combinations = require('./src/combinations');","ss.combinationsReplacement = require('./src/combinations_replacement');","","// measures of centrality","ss.addToMean = require('./src/add_to_mean');","ss.combineMeans = require('./src/combine_means');","ss.combineVariances = require('./src/combine_variances');","ss.geometricMean = require('./src/geometric_mean');","ss.harmonicMean = require('./src/harmonic_mean');","ss.mean = ss.average = require('./src/mean');","ss.median = require('./src/median');","ss.medianSorted = require('./src/median_sorted');","ss.subtractFromMean = require('./src/subtract_from_mean');","","ss.rootMeanSquare = ss.rms = require('./src/root_mean_square');","ss.variance = require('./src/variance');","ss.tTest = require('./src/t_test');","ss.tTestTwoSample = require('./src/t_test_two_sample');","// ss.jenks = require('./src/jenks');","","// Classifiers","ss.bayesian = require('./src/bayesian_classifier');","ss.perceptron = require('./src/perceptron');","","// Distribution-related methods","ss.epsilon = require('./src/epsilon'); // We make ε available to the test suite.","ss.factorial = require('./src/factorial');","ss.bernoulliDistribution = require('./src/bernoulli_distribution');","ss.binomialDistribution = require('./src/binomial_distribution');","ss.poissonDistribution = require('./src/poisson_distribution');","ss.chiSquaredGoodnessOfFit = require('./src/chi_squared_goodness_of_fit');","","// Normal distribution","ss.zScore = require('./src/z_score');","ss.cumulativeStdNormalProbability = require('./src/cumulative_std_normal_probability');","ss.standardNormalTable = require('./src/standard_normal_table');","ss.errorFunction = ss.erf = require('./src/error_function');","ss.inverseErrorFunction = require('./src/inverse_error_function');","ss.probit = require('./src/probit');","ss.mixin = require('./src/mixin');","","// Root-finding methods","ss.bisect = require('./src/bisect');",""],"l":{"8":1,"11":1,"12":1,"13":1,"14":1,"15":1,"16":1,"17":1,"18":1,"19":1,"20":1,"21":1,"22":1,"23":1,"24":1,"25":1,"26":1,"27":1,"28":1,"29":1,"30":1,"31":1,"32":1,"33":1,"34":1,"35":1,"36":1,"37":1,"40":1,"41":1,"42":1,"43":1,"44":1,"47":1,"48":1,"49":1,"52":1,"53":1,"54":1,"55":1,"56":1,"57":1,"58":1,"59":1,"60":1,"62":1,"63":1,"64":1,"65":1,"69":1,"70":1,"73":1,"74":1,"75":1,"76":1,"77":1,"78":1,"81":1,"82":1,"83":1,"84":1,"85":1,"86":1,"87":1,"90":1}},"/home/travis/build/npmtest/node-npmtest-simple-statistics/node_modules/simple-statistics/src/linear_regression.js":{"path":"/home/travis/build/npmtest/node-npmtest-simple-statistics/node_modules/simple-statistics/src/linear_regression.js","s":{"1":1,"2":0,"3":0,"4":0,"5":0,"6":0,"7":0,"8":0,"9":0,"10":0,"11":0,"12":0,"13":0,"14":0,"15":0,"16":0,"17":0,"18":0,"19":0,"20":1},"b":{"1":[0,0]},"f":{"1":0},"fnMap":{"1":{"name":"linearRegression","line":16,"loc":{"start":{"line":16,"column":0},"end":{"line":16,"column":90}}}},"statementMap":{"1":{"start":{"line":16,"column":0},"end":{"line":69,"column":1}},"2":{"start":{"line":18,"column":4},"end":{"line":18,"column":13}},"3":{"start":{"line":22,"column":4},"end":{"line":22,"column":33}},"4":{"start":{"line":26,"column":4},"end":{"line":62,"column":5}},"5":{"start":{"line":27,"column":8},"end":{"line":27,"column":14}},"6":{"start":{"line":28,"column":8},"end":{"line":28,"column":23}},"7":{"start":{"line":32,"column":8},"end":{"line":33,"column":33}},"8":{"start":{"line":37,"column":8},"end":{"line":37,"column":24}},"9":{"start":{"line":44,"column":8},"end":{"line":54,"column":9}},"10":{"start":{"line":45,"column":12},"end":{"line":45,"column":28}},"11":{"start":{"line":46,"column":12},"end":{"line":46,"column":25}},"12":{"start":{"line":47,"column":12},"end":{"line":47,"column":25}},"13":{"start":{"line":49,"column":12},"end":{"line":49,"column":22}},"14":{"start":{"line":50,"column":12},"end":{"line":50,"column":22}},"15":{"start":{"line":52,"column":12},"end":{"line":52,"column":27}},"16":{"start":{"line":53,"column":12},"end":{"line":53,"column":27}},"17":{"start":{"line":57,"column":8},"end":{"line":58,"column":51}},"18":{"start":{"line":61,"column":8},"end":{"line":61,"column":60}},"19":{"start":{"line":65,"column":4},"end":{"line":68,"column":6}},"20":{"start":{"line":72,"column":0},"end":{"line":72,"column":34}}},"branchMap":{"1":{"line":26,"type":"if","locations":[{"start":{"line":26,"column":4},"end":{"line":26,"column":4}},{"start":{"line":26,"column":4},"end":{"line":26,"column":4}}]}},"code":["'use strict';","/* @flow */","","/**"," * [Simple linear regression](http://en.wikipedia.org/wiki/Simple_linear_regression)"," * is a simple way to find a fitted line"," * between a set of coordinates. This algorithm finds the slope and y-intercept of a regression line"," * using the least sum of squares."," *"," * @param {Array<Array<number>>} data an array of two-element of arrays,"," * like `[[0, 1], [2, 3]]`"," * @returns {Object} object containing slope and intersect of regression line"," * @example"," * linearRegression([[0, 0], [1, 1]]); // => { m: 1, b: 0 }"," */","function linearRegression(data/*: Array<Array<number>> */)/*: { m: number, b: number } */ {","","    var m, b;","","    // Store data length in a local variable to reduce","    // repeated object property lookups","    var dataLength = data.length;","","    //if there's only one point, arbitrarily choose a slope of 0","    //and a y-intercept of whatever the y of the initial point is","    if (dataLength === 1) {","        m = 0;","        b = data[0][1];","    } else {","        // Initialize our sums and scope the `m` and `b`","        // variables that define the line.","        var sumX = 0, sumY = 0,","            sumXX = 0, sumXY = 0;","","        // Use local variables to grab point values","        // with minimal object property lookups","        var point, x, y;","","        // Gather the sum of all x values, the sum of all","        // y values, and the sum of x^2 and (x*y) for each","        // value.","        //","        // In math notation, these would be SS_x, SS_y, SS_xx, and SS_xy","        for (var i = 0; i < dataLength; i++) {","            point = data[i];","            x = point[0];","            y = point[1];","","            sumX += x;","            sumY += y;","","            sumXX += x * x;","            sumXY += x * y;","        }","","        // `m` is the slope of the regression line","        m = ((dataLength * sumXY) - (sumX * sumY)) /","            ((dataLength * sumXX) - (sumX * sumX));","","        // `b` is the y-intercept of the line.","        b = (sumY / dataLength) - ((m * sumX) / dataLength);","    }","","    // Return both values as an object.","    return {","        m: m,","        b: b","    };","}","","","module.exports = linearRegression;",""],"l":{"16":1,"18":0,"22":0,"26":0,"27":0,"28":0,"32":0,"37":0,"44":0,"45":0,"46":0,"47":0,"49":0,"50":0,"52":0,"53":0,"57":0,"61":0,"65":0,"72":1}},"/home/travis/build/npmtest/node-npmtest-simple-statistics/node_modules/simple-statistics/src/linear_regression_line.js":{"path":"/home/travis/build/npmtest/node-npmtest-simple-statistics/node_modules/simple-statistics/src/linear_regression_line.js","s":{"1":1,"2":0,"3":0,"4":1},"b":{},"f":{"1":0,"2":0},"fnMap":{"1":{"name":"linearRegressionLine","line":21,"loc":{"start":{"line":21,"column":0},"end":{"line":21,"column":79}}},"2":{"name":"(anonymous_2)","line":25,"loc":{"start":{"line":25,"column":11},"end":{"line":25,"column":23}}}},"statementMap":{"1":{"start":{"line":21,"column":0},"end":{"line":28,"column":1}},"2":{"start":{"line":25,"column":4},"end":{"line":27,"column":6}},"3":{"start":{"line":26,"column":8},"end":{"line":26,"column":33}},"4":{"start":{"line":30,"column":0},"end":{"line":30,"column":38}}},"branchMap":{},"code":["'use strict';","/* @flow */","","/**"," * Given the output of `linearRegression`: an object"," * with `m` and `b` values indicating slope and intercept,"," * respectively, generate a line function that translates"," * x values into y values."," *"," * @param {Object} mb object with `m` and `b` members, representing"," * slope and intersect of desired line"," * @returns {Function} method that computes y-value at any given"," * x-value on the line."," * @example"," * var l = linearRegressionLine(linearRegression([[0, 0], [1, 1]]));"," * l(0) // = 0"," * l(2) // = 2"," * linearRegressionLine({ b: 0, m: 1 })(1); // => 1"," * linearRegressionLine({ b: 1, m: 1 })(1); // => 2"," */","function linearRegressionLine(mb/*: { b: number, m: number }*/)/*: Function */ {","    // Return a function that computes a `y` value for each","    // x value it is given, based on the values of `b` and `a`","    // that we just computed.","    return function(x) {","        return mb.b + (mb.m * x);","    };","}","","module.exports = linearRegressionLine;",""],"l":{"21":1,"25":0,"26":0,"30":1}},"/home/travis/build/npmtest/node-npmtest-simple-statistics/node_modules/simple-statistics/src/standard_deviation.js":{"path":"/home/travis/build/npmtest/node-npmtest-simple-statistics/node_modules/simple-statistics/src/standard_deviation.js","s":{"1":1,"2":1,"3":0,"4":0,"5":0,"6":0,"7":1},"b":{"1":[0,0]},"f":{"1":0},"fnMap":{"1":{"name":"standardDeviation","line":22,"loc":{"start":{"line":22,"column":0},"end":{"line":22,"column":62}}}},"statementMap":{"1":{"start":{"line":4,"column":0},"end":{"line":4,"column":37}},"2":{"start":{"line":22,"column":0},"end":{"line":28,"column":1}},"3":{"start":{"line":23,"column":4},"end":{"line":25,"column":5}},"4":{"start":{"line":24,"column":8},"end":{"line":24,"column":17}},"5":{"start":{"line":26,"column":4},"end":{"line":26,"column":24}},"6":{"start":{"line":27,"column":4},"end":{"line":27,"column":24}},"7":{"start":{"line":30,"column":0},"end":{"line":30,"column":35}}},"branchMap":{"1":{"line":23,"type":"if","locations":[{"start":{"line":23,"column":4},"end":{"line":23,"column":4}},{"start":{"line":23,"column":4},"end":{"line":23,"column":4}}]}},"code":["'use strict';","/* @flow */","","var variance = require('./variance');","","/**"," * The [standard deviation](http://en.wikipedia.org/wiki/Standard_deviation)"," * is the square root of the variance. This is also known as the population"," * standard deviation. It's useful for measuring the amount"," * of variation or dispersion in a set of values."," *"," * Standard deviation is only appropriate for full-population knowledge: for"," * samples of a population, {@link sampleStandardDeviation} is"," * more appropriate."," *"," * @param {Array<number>} x input"," * @returns {number} standard deviation"," * @example"," * variance([2, 4, 4, 4, 5, 5, 7, 9]); // => 4"," * standardDeviation([2, 4, 4, 4, 5, 5, 7, 9]); // => 2"," */","function standardDeviation(x /*: Array<number> */)/*:number*/ {","    if (x.length === 1) {","        return 0;","    }","    var v = variance(x);","    return Math.sqrt(v);","}","","module.exports = standardDeviation;",""],"l":{"4":1,"22":1,"23":0,"24":0,"26":0,"27":0,"30":1}},"/home/travis/build/npmtest/node-npmtest-simple-statistics/node_modules/simple-statistics/src/variance.js":{"path":"/home/travis/build/npmtest/node-npmtest-simple-statistics/node_modules/simple-statistics/src/variance.js","s":{"1":1,"2":1,"3":0,"4":0,"5":0,"6":1},"b":{"1":[0,0]},"f":{"1":0},"fnMap":{"1":{"name":"variance","line":20,"loc":{"start":{"line":20,"column":0},"end":{"line":20,"column":52}}}},"statementMap":{"1":{"start":{"line":4,"column":0},"end":{"line":4,"column":66}},"2":{"start":{"line":20,"column":0},"end":{"line":29,"column":1}},"3":{"start":{"line":22,"column":4},"end":{"line":24,"column":5}},"4":{"start":{"line":23,"column":8},"end":{"line":23,"column":69}},"5":{"start":{"line":28,"column":4},"end":{"line":28,"column":50}},"6":{"start":{"line":31,"column":0},"end":{"line":31,"column":26}}},"branchMap":{"1":{"line":22,"type":"if","locations":[{"start":{"line":22,"column":4},"end":{"line":22,"column":4}},{"start":{"line":22,"column":4},"end":{"line":22,"column":4}}]}},"code":["'use strict';","/* @flow */","","var sumNthPowerDeviations = require('./sum_nth_power_deviations');","","/**"," * The [variance](http://en.wikipedia.org/wiki/Variance)"," * is the sum of squared deviations from the mean."," *"," * This is an implementation of variance, not sample variance:"," * see the `sampleVariance` method if you want a sample measure."," *"," * @param {Array<number>} x a population of one or more data points"," * @returns {number} variance: a value greater than or equal to zero."," * zero indicates that all values are identical."," * @throws {Error} if x's length is 0"," * @example"," * variance([1, 2, 3, 4, 5, 6]); // => 2.9166666666666665"," */","function variance(x/*: Array<number> */)/*:number*/ {","    // The variance of no numbers is null","    if (x.length === 0) {","        throw new Error('variance requires at least one data point');","    }","","    // Find the mean of squared deviations between the","    // mean value and each value.","    return sumNthPowerDeviations(x, 2) / x.length;","}","","module.exports = variance;",""],"l":{"4":1,"20":1,"22":0,"23":0,"28":0,"31":1}},"/home/travis/build/npmtest/node-npmtest-simple-statistics/node_modules/simple-statistics/src/sum_nth_power_deviations.js":{"path":"/home/travis/build/npmtest/node-npmtest-simple-statistics/node_modules/simple-statistics/src/sum_nth_power_deviations.js","s":{"1":1,"2":1,"3":0,"4":0,"5":0,"6":0,"7":1},"b":{},"f":{"1":0},"fnMap":{"1":{"name":"sumNthPowerDeviations","line":20,"loc":{"start":{"line":20,"column":0},"end":{"line":20,"column":81}}}},"statementMap":{"1":{"start":{"line":4,"column":0},"end":{"line":4,"column":29}},"2":{"start":{"line":20,"column":0},"end":{"line":29,"column":1}},"3":{"start":{"line":21,"column":4},"end":{"line":22,"column":16}},"4":{"start":{"line":24,"column":4},"end":{"line":26,"column":5}},"5":{"start":{"line":25,"column":8},"end":{"line":25,"column":45}},"6":{"start":{"line":28,"column":4},"end":{"line":28,"column":15}},"7":{"start":{"line":31,"column":0},"end":{"line":31,"column":39}}},"branchMap":{},"code":["'use strict';","/* @flow */","","var mean = require('./mean');","","/**"," * The sum of deviations to the Nth power."," * When n=2 it's the sum of squared deviations."," * When n=3 it's the sum of cubed deviations."," *"," * @param {Array<number>} x"," * @param {number} n power"," * @returns {number} sum of nth power deviations"," * @example"," * var input = [1, 2, 3];"," * // since the variance of a set is the mean squared"," * // deviations, we can calculate that with sumNthPowerDeviations:"," * var variance = sumNthPowerDeviations(input) / input.length;"," */","function sumNthPowerDeviations(x/*: Array<number> */, n/*: number */)/*:number*/ {","    var meanValue = mean(x),","        sum = 0;","","    for (var i = 0; i < x.length; i++) {","        sum += Math.pow(x[i] - meanValue, n);","    }","","    return sum;","}","","module.exports = sumNthPowerDeviations;",""],"l":{"4":1,"20":1,"21":0,"24":0,"25":0,"28":0,"31":1}},"/home/travis/build/npmtest/node-npmtest-simple-statistics/node_modules/simple-statistics/src/mean.js":{"path":"/home/travis/build/npmtest/node-npmtest-simple-statistics/node_modules/simple-statistics/src/mean.js","s":{"1":1,"2":1,"3":0,"4":0,"5":0,"6":1},"b":{"1":[0,0]},"f":{"1":0},"fnMap":{"1":{"name":"mean","line":20,"loc":{"start":{"line":20,"column":0},"end":{"line":20,"column":49}}}},"statementMap":{"1":{"start":{"line":4,"column":0},"end":{"line":4,"column":27}},"2":{"start":{"line":20,"column":0},"end":{"line":27,"column":1}},"3":{"start":{"line":22,"column":4},"end":{"line":24,"column":5}},"4":{"start":{"line":23,"column":8},"end":{"line":23,"column":65}},"5":{"start":{"line":26,"column":4},"end":{"line":26,"column":29}},"6":{"start":{"line":29,"column":0},"end":{"line":29,"column":22}}},"branchMap":{"1":{"line":22,"type":"if","locations":[{"start":{"line":22,"column":4},"end":{"line":22,"column":4}},{"start":{"line":22,"column":4},"end":{"line":22,"column":4}}]}},"code":["'use strict';","/* @flow */","","var sum = require('./sum');","","/**"," * The mean, _also known as average_,"," * is the sum of all values over the number of values."," * This is a [measure of central tendency](https://en.wikipedia.org/wiki/Central_tendency):"," * a method of finding a typical or central value of a set of numbers."," *"," * This runs on `O(n)`, linear time in respect to the array"," *"," * @param {Array<number>} x sample of one or more data points"," * @throws {Error} if the the length of x is less than one"," * @returns {number} mean"," * @example"," * mean([0, 10]); // => 5"," */","function mean(x /*: Array<number> */)/*:number*/ {","    // The mean of no numbers is null","    if (x.length === 0) {","        throw new Error('mean requires at least one data point');","    }","","    return sum(x) / x.length;","}","","module.exports = mean;",""],"l":{"4":1,"20":1,"22":0,"23":0,"26":0,"29":1}},"/home/travis/build/npmtest/node-npmtest-simple-statistics/node_modules/simple-statistics/src/sum.js":{"path":"/home/travis/build/npmtest/node-npmtest-simple-statistics/node_modules/simple-statistics/src/sum.js","s":{"1":1,"2":0,"3":0,"4":0,"5":0,"6":0,"7":0,"8":0,"9":0,"10":0,"11":0,"12":1},"b":{},"f":{"1":0},"fnMap":{"1":{"name":"sum","line":20,"loc":{"start":{"line":20,"column":0},"end":{"line":20,"column":49}}}},"statementMap":{"1":{"start":{"line":20,"column":0},"end":{"line":59,"column":1}},"2":{"start":{"line":24,"column":4},"end":{"line":24,"column":16}},"3":{"start":{"line":29,"column":4},"end":{"line":29,"column":30}},"4":{"start":{"line":32,"column":4},"end":{"line":32,"column":30}},"5":{"start":{"line":35,"column":4},"end":{"line":35,"column":16}},"6":{"start":{"line":37,"column":4},"end":{"line":56,"column":5}},"7":{"start":{"line":39,"column":8},"end":{"line":39,"column":57}},"8":{"start":{"line":44,"column":8},"end":{"line":44,"column":46}},"9":{"start":{"line":51,"column":8},"end":{"line":51,"column":66}},"10":{"start":{"line":55,"column":8},"end":{"line":55,"column":22}},"11":{"start":{"line":58,"column":4},"end":{"line":58,"column":15}},"12":{"start":{"line":61,"column":0},"end":{"line":61,"column":21}}},"branchMap":{},"code":["'use strict';","/* @flow */","","/**"," * Our default sum is the [Kahan summation algorithm](https://en.wikipedia.org/wiki/Kahan_summation_algorithm) is"," * a method for computing the sum of a list of numbers while correcting"," * for floating-point errors. Traditionally, sums are calculated as many"," * successive additions, each one with its own floating-point roundoff. These"," * losses in precision add up as the number of numbers increases. This alternative"," * algorithm is more accurate than the simple way of calculating sums by simple"," * addition."," *"," * This runs on `O(n)`, linear time in respect to the array"," *"," * @param {Array<number>} x input"," * @return {number} sum of all input numbers"," * @example"," * sum([1, 2, 3]); // => 6"," */","function sum(x/*: Array<number> */)/*: number */ {","","    // like the traditional sum algorithm, we keep a running","    // count of the current sum.","    var sum = 0;","","    // but we also keep three extra variables as bookkeeping:","    // most importantly, an error correction value. This will be a very","    // small number that is the opposite of the floating point precision loss.","    var errorCompensation = 0;","","    // this will be each number in the list corrected with the compensation value.","    var correctedCurrentValue;","","    // and this will be the next sum","    var nextSum;","","    for (var i = 0; i < x.length; i++) {","        // first correct the value that we're going to add to the sum","        correctedCurrentValue = x[i] - errorCompensation;","","        // compute the next sum. sum is likely a much larger number","        // than correctedCurrentValue, so we'll lose precision here,","        // and measure how much precision is lost in the next step","        nextSum = sum + correctedCurrentValue;","","        // we intentionally didn't assign sum immediately, but stored","        // it for now so we can figure out this: is (sum + nextValue) - nextValue","        // not equal to 0? ideally it would be, but in practice it won't:","        // it will be some very small number. that's what we record","        // as errorCompensation.","        errorCompensation = nextSum - sum - correctedCurrentValue;","","        // now that we've computed how much we'll correct for in the next","        // loop, start treating the nextSum as the current sum.","        sum = nextSum;","    }","","    return sum;","}","","module.exports = sum;",""],"l":{"20":1,"24":0,"29":0,"32":0,"35":0,"37":0,"39":0,"44":0,"51":0,"55":0,"58":0,"61":1}},"/home/travis/build/npmtest/node-npmtest-simple-statistics/node_modules/simple-statistics/src/r_squared.js":{"path":"/home/travis/build/npmtest/node-npmtest-simple-statistics/node_modules/simple-statistics/src/r_squared.js","s":{"1":1,"2":0,"3":0,"4":0,"5":0,"6":0,"7":0,"8":0,"9":0,"10":0,"11":0,"12":0,"13":0,"14":0,"15":1},"b":{"1":[0,0]},"f":{"1":0},"fnMap":{"1":{"name":"rSquared","line":18,"loc":{"start":{"line":18,"column":0},"end":{"line":18,"column":85}}}},"statementMap":{"1":{"start":{"line":18,"column":0},"end":{"line":50,"column":1}},"2":{"start":{"line":19,"column":4},"end":{"line":19,"column":35}},"3":{"start":{"line":19,"column":24},"end":{"line":19,"column":33}},"4":{"start":{"line":24,"column":4},"end":{"line":24,"column":25}},"5":{"start":{"line":25,"column":4},"end":{"line":27,"column":5}},"6":{"start":{"line":26,"column":8},"end":{"line":26,"column":23}},"7":{"start":{"line":28,"column":4},"end":{"line":28,"column":29}},"8":{"start":{"line":33,"column":4},"end":{"line":33,"column":25}},"9":{"start":{"line":34,"column":4},"end":{"line":36,"column":5}},"10":{"start":{"line":35,"column":8},"end":{"line":35,"column":55}},"11":{"start":{"line":41,"column":4},"end":{"line":41,"column":16}},"12":{"start":{"line":42,"column":4},"end":{"line":44,"column":5}},"13":{"start":{"line":43,"column":8},"end":{"line":43,"column":52}},"14":{"start":{"line":49,"column":4},"end":{"line":49,"column":34}},"15":{"start":{"line":52,"column":0},"end":{"line":52,"column":26}}},"branchMap":{"1":{"line":19,"type":"if","locations":[{"start":{"line":19,"column":4},"end":{"line":19,"column":4}},{"start":{"line":19,"column":4},"end":{"line":19,"column":4}}]}},"code":["'use strict';","/* @flow */","","/**"," * The [R Squared](http://en.wikipedia.org/wiki/Coefficient_of_determination)"," * value of data compared with a function `f`"," * is the sum of the squared differences between the prediction"," * and the actual value.
[...]
e":37,"column":37}}},"branchMap":{},"code":["'use strict';","/* @flow */","","var SQRT_2PI = Math.sqrt(2 * Math.PI);","","function cumulativeDistribution(z) {","    var sum = z,","        tmp = z;","","    // 15 iterations are enough for 4-digit precision","    for (var i = 1; i < 15; i++) {","        tmp *= z * z / (2 * i + 1);","        sum += tmp;","    }","    return Math.round((0.5 + (sum / SQRT_2PI) * Math.exp(-z * z / 2)) * 1e4) / 1e4;","}","","/**"," * A standard normal table, also called the unit normal table or Z table,"," * is a mathematical table for the values of Φ (phi), which are the values of"," * the cumulative distribution function of the normal distribution."," * It is used to find the probability that a statistic is observed below,"," * above, or between values on the standard normal distribution, and by"," * extension, any normal distribution."," *"," * The probabilities are calculated using the"," * [Cumulative distribution function](https://en.wikipedia.org/wiki/Normal_distribution#Cumulative_distribution_function)."," * The table used is the cumulative, and not cumulative from 0 to mean"," * (even though the latter has 5 digits precision, instead of 4)."," */","var standardNormalTable/*: Array<number> */ = [];","","for (var z = 0; z <= 3.09; z += 0.01) {","    standardNormalTable.push(cumulativeDistribution(z));","}","","module.exports = standardNormalTable;",""],"l":{"4":1,"6":1,"7":310,"11":310,"12":4340,"13":4340,"15":310,"31":1,"33":1,"34":310,"37":1}},"/home/travis/build/npmtest/node-npmtest-simple-statistics/node_modules/simple-statistics/src/error_function.js":{"path":"/home/travis/build/npmtest/node-npmtest-simple-statistics/node_modules/simple-statistics/src/error_function.js","s":{"1":1,"2":0,"3":0,"4":0,"5":0,"6":0,"7":1},"b":{"1":[0,0]},"f":{"1":0},"fnMap":{"1":{"name":"errorFunction","line":17,"loc":{"start":{"line":17,"column":0},"end":{"line":17,"column":52}}}},"statementMap":{"1":{"start":{"line":17,"column":0},"end":{"line":35,"column":1}},"2":{"start":{"line":18,"column":4},"end":{"line":18,"column":40}},"3":{"start":{"line":19,"column":4},"end":{"line":29,"column":37}},"4":{"start":{"line":30,"column":4},"end":{"line":34,"column":5}},"5":{"start":{"line":31,"column":8},"end":{"line":31,"column":23}},"6":{"start":{"line":33,"column":8},"end":{"line":33,"column":23}},"7":{"start":{"line":37,"column":0},"end":{"line":37,"column":31}}},"branchMap":{"1":{"line":30,"type":"if","locations":[{"start":{"line":30,"column":4},"end":{"line":30,"column":4}},{"start":{"line":30,"column":4},"end":{"line":30,"column":4}}]}},"code":["'use strict';","/* @flow */","","/**"," * **[Gaussian error function](http://en.wikipedia.org/wiki/Error_function)**"," *"," * The `errorFunction(x/(sd * Math.sqrt(2)))` is the probability that a value in a"," * normal distribution with standard deviation sd is within x of the mean."," *"," * This function returns a numerical approximation to the exact value."," *"," * @param {number} x input"," * @return {number} error estimation"," * @example"," * errorFunction(1).toFixed(2); // => '0.84'"," */","function errorFunction(x/*: number */)/*: number */ {","    var t = 1 / (1 + 0.5 * Math.abs(x));","    var tau = t * Math.exp(-Math.pow(x, 2) -","        1.26551223 +","        1.00002368 * t +","        0.37409196 * Math.pow(t, 2) +","        0.09678418 * Math.pow(t, 3) -","        0.18628806 * Math.pow(t, 4) +","        0.27886807 * Math.pow(t, 5) -","        1.13520398 * Math.pow(t, 6) +","        1.48851587 * Math.pow(t, 7) -","        0.82215223 * Math.pow(t, 8) +","        0.17087277 * Math.pow(t, 9));","    if (x >= 0) {","        return 1 - tau;","    } else {","        return tau - 1;","    }","}","","module.exports = errorFunction;",""],"l":{"17":1,"18":0,"19":0,"30":0,"31":0,"33":0,"37":1}},"/home/travis/build/npmtest/node-npmtest-simple-statistics/node_modules/simple-statistics/src/inverse_error_function.js":{"path":"/home/travis/build/npmtest/node-npmtest-simple-statistics/node_modules/simple-statistics/src/inverse_error_function.js","s":{"1":1,"2":0,"3":0,"4":0,"5":0,"6":0,"7":1},"b":{"1":[0,0]},"f":{"1":0},"fnMap":{"1":{"name":"inverseErrorFunction","line":12,"loc":{"start":{"line":12,"column":0},"end":{"line":12,"column":59}}}},"statementMap":{"1":{"start":{"line":12,"column":0},"end":{"line":25,"column":1}},"2":{"start":{"line":13,"column":4},"end":{"line":13,"column":64}},"3":{"start":{"line":15,"column":4},"end":{"line":18,"column":55}},"4":{"start":{"line":20,"column":4},"end":{"line":24,"column":5}},"5":{"start":{"line":21,"column":8},"end":{"line":21,"column":19}},"6":{"start":{"line":23,"column":8},"end":{"line":23,"column":20}},"7":{"start":{"line":27,"column":0},"end":{"line":27,"column":38}}},"branchMap":{"1":{"line":20,"type":"if","locations":[{"start":{"line":20,"column":4},"end":{"line":20,"column":4}},{"start":{"line":20,"column":4},"end":{"line":20,"column":4}}]}},"code":["'use strict';","/* @flow */","","/**"," * The Inverse [Gaussian error function](http://en.wikipedia.org/wiki/Error_function)"," * returns a numerical approximation to the value that would have caused"," * `errorFunction()` to return x."," *"," * @param {number} x value of error function"," * @returns {number} estimated inverted value"," */","function inverseErrorFunction(x/*: number */)/*: number */ {","    var a = (8 * (Math.PI - 3)) / (3 * Math.PI * (4 - Math.PI));","","    var inv = Math.sqrt(Math.sqrt(","        Math.pow(2 / (Math.PI * a) + Math.log(1 - x * x) / 2, 2) -","        Math.log(1 - x * x) / a) -","        (2 / (Math.PI * a) + Math.log(1 - x * x) / 2));","","    if (x >= 0) {","        return inv;","    } else {","        return -inv;","    }","}","","module.exports = inverseErrorFunction;",""],"l":{"12":1,"13":0,"15":0,"20":0,"21":0,"23":0,"27":1}},"/home/travis/build/npmtest/node-npmtest-simple-statistics/node_modules/simple-statistics/src/probit.js":{"path":"/home/travis/build/npmtest/node-npmtest-simple-statistics/node_modules/simple-statistics/src/probit.js","s":{"1":1,"2":1,"3":1,"4":0,"5":0,"6":0,"7":0,"8":0,"9":1},"b":{"1":[0,0],"2":[0,0]},"f":{"1":0},"fnMap":{"1":{"name":"probit","line":20,"loc":{"start":{"line":20,"column":0},"end":{"line":20,"column":46}}}},"statementMap":{"1":{"start":{"line":4,"column":0},"end":{"line":4,"column":35}},"2":{"start":{"line":5,"column":0},"end":{"line":5,"column":63}},"3":{"start":{"line":20,"column":0},"end":{"line":27,"column":1}},"4":{"start":{"line":21,"column":4},"end":{"line":25,"column":5}},"5":{"start":{"line":22,"column":8},"end":{"line":22,"column":20}},"6":{"start":{"line":23,"column":11},"end":{"line":25,"column":5}},"7":{"start":{"line":24,"column":8},"end":{"line":24,"column":24}},"8":{"start":{"line":26,"column":4},"end":{"line":26,"column":58}},"9":{"start":{"line":29,"column":0},"end":{"line":29,"column":24}}},"branchMap":{"1":{"line":21,"type":"if","locations":[{"start":{"line":21,"column":4},"end":{"line":21,"column":4}},{"start":{"line":21,"column":4},"end":{"line":21,"column":4}}]},"2":{"line":23,"type":"if","locations":[{"start":{"line":23,"column":11},"end":{"line":23,"column":11}},{"start":{"line":23,"column":11},"end":{"line":23,"column":11}}]}},"code":["'use strict';","/* @flow */","","var epsilon = require('./epsilon');","var inverseErrorFunction = require('./inverse_error_function');","","/**"," * The [Probit](http://en.wikipedia.org/wiki/Probit)"," * is the inverse of cumulativeStdNormalProbability(),"," * and is also known as the normal quantile function."," *"," * It returns the number of standard deviations from the mean"," * where the p'th quantile of values can be found in a normal distribution."," * So, for example, probit(0.5 + 0.6827/2) ≈ 1 because 68.27% of values are"," * normally found within 1 standard deviation above or below the mean."," *"," * @param {number} p"," * @returns {number} probit"," */","function probit(p /*: number */)/*: number */ {","    if (p === 0) {","        p = epsilon;","    } else if (p >= 1) {","        p = 1 - epsilon;","    }","    return Math.sqrt(2) * inverseErrorFunction(2 * p - 1);","}","","module.exports = probit;",""],"l":{"4":1,"5":1,"20":1,"21":0,"22":0,"23":0,"24":0,"26":0,"29":1}},"/home/travis/build/npmtest/node-npmtest-simple-statistics/node_modules/simple-statistics/src/mixin.js":{"path":"/home/travis/build/npmtest/node-npmtest-simple-statistics/node_modules/simple-statistics/src/mixin.js","s":{"1":1,"2":0,"3":0,"4":0,"5":0,"6":1,"7":0,"8":0,"9":0,"10":0,"11":0,"12":0,"13":0,"14":0,"15":0,"16":0,"17":0,"18":1},"b":{"1":[0,0],"2":[0,0],"3":[0,0]},"f":{"1":0,"2":0,"3":0},"fnMap":{"1":{"name":"mixin","line":23,"loc":{"start":{"line":23,"column":0},"end":{"line":23,"column":69}}},"2":{"name":"wrap","line":40,"loc":{"start":{"line":40,"column":4},"end":{"line":40,"column":26}}},"3":{"name":"(anonymous_3)","line":41,"loc":{"start":{"line":41,"column":15},"end":{"line":41,"column":26}}}},"statementMap":{"1":{"start":{"line":23,"column":0},"end":{"line":78,"column":1}},"2":{"start":{"line":24,"column":4},"end":{"line":24,"column":71}},"3":{"start":{"line":27,"column":4},"end":{"line":29,"column":5},"skip":true},"4":{"start":{"line":28,"column":8},"end":{"line":28,"column":88},"skip":true},"5":{"start":{"line":33,"column":4},"end":{"line":36,"column":44}},"6":{"start":{"line":40,"column":4},"end":{"line":50,"column":5}},"7":{"start":{"line":41,"column":8},"end":{"line":49,"column":10}},"8":{"start":{"line":44,"column":12},"end":{"line":44,"column":62}},"9":{"start":{"line":46,"column":12},"end":{"line":46,"column":31}},"10":{"start":{"line":48,"column":12},"end":{"line":48,"column":46}},"11":{"start":{"line":53,"column":4},"end":{"line":53,"column":18}},"12":{"start":{"line":54,"column":4},"end":{"line":60,"column":5}},"13":{"start":{"line":57,"column":8},"end":{"line":57,"column":34}},"14":{"start":{"line":59,"column":8},"end":{"line":59,"column":36}},"15":{"start":{"line":68,"column":4},"end":{"line":75,"column":5}},"16":{"start":{"line":69,"column":8},"end":{"line":74,"column":11}},"17":{"start":{"line":77,"column":4},"end":{"line":77,"column":21}},"18":{"start":{"line":80,"column":0},"end":{"line":80,"column":23}}},"branchMap":{"1":{"line":24,"type":"binary-expr","locations":[{"start":{"line":24,"column":21},"end":{"line":24,"column":42}},{"start":{"line":24,"column":46},"end":{"line":24,"column":69}}]},"2":{"line":27,"type":"if","locations":[{"start":{"line":27,"column":4},"end":{"line":27,"column":4},"skip":true},{"start":{"line":27,"column":4},"end":{"line":27,"column":4},"skip":true}]},"3":{"line":54,"type":"if","locations":[{"start":{"line":54,"column":4},"end":{"line":54,"column":4}},{"start":{"line":54,"column":4},"end":{"line":54,"column":4}}]}},"code":["'use strict';","/* @flow */","","/**"," * **Mixin** simple_statistics to a single Array instance if provided"," * or the Array native object if not. This is an optional"," * feature that lets you treat simple_statistics as a native feature"," * of Javascript."," *"," * @param {Object} ss simple statistics"," * @param {Array} [array=] a single array instance which will be augmented"," * with the extra methods. If omitted, mixin will apply to all arrays"," * by changing the global `Array.prototype`."," * @throws {Error} if the JavaScript environment doesn't support Object.defineProperty"," * @returns {*} the extended Array, or Array.prototype if no object"," * is given."," *"," * @example"," * var myNumbers = [1, 2, 3];"," * mixin(ss, myNumbers);"," * console.log(myNumbers.sum()); // 6"," */","function mixin(ss /*: Object */, array /*: ?Array<any> */)/*: any */ {","    var support = !!(Object.defineProperty && Object.defineProperties);","    // Coverage testing will never test this error.","    /* istanbul ignore next */","    if (!support) {","        throw new Error('without defineProperty, simple-statistics cannot be mixed in');","    }","","    // only methods which work on basic arrays in a single step","    // are supported","    var arrayMethods = ['median', 'standardDeviation', 'sum', 'product',","        'sampleSkewness',","        'mean', 'min', 'max', 'quantile', 'geometricMean',","        'harmonicMean', 'root_mean_square'];","","    // create a closure with a method name so that a reference","    // like `arrayMethods[i]` doesn't follow the loop increment","    function wrap(method) {","        return function() {","            // cast any arguments into an array, since they're","            // natively objects","            var args = Array.prototype.slice.apply(arguments);","            // make the first argument the array itself","            args.unshift(this);","            // return the result of the ss method","            return ss[method].apply(ss, args);","        };","    }","","    // select object to extend","    var extending;","    if (array) {","        // create a shallow copy of the array so that our internal","        // operations do not change it by reference","        extending = array.slice();","    } else {","        extending = Array.prototype;","    }","","    // for each array function, define a function that gets","    // the array as the first argument.","    // We use [defineProperty](https://developer.mozilla.org/en-US/docs/JavaScript/Reference/Global_Objects/Object/defineProperty)","    // because it allows these properties to be non-enumerable:","    // `for (var in x)` loops will not run into problems with this","    // implementation.","    for (var i = 0; i < arrayMethods.length; i++) {","        Object.defineProperty(extending, arrayMethods[i], {","            value: wrap(arrayMethods[i]),","            configurable: true,","            enumerable: false,","            writable: true","        });","    }","","    return extending;","}","","module.exports = mixin;",""],"l":{"23":1,"24":0,"27":1,"28":1,"33":0,"40":1,"41":0,"44":0,"46":0,"48":0,"53":0,"54":0,"57":0,"59":0,"68":0,"69":0,"77":0,"80":1}},"/home/travis/build/npmtest/node-npmtest-simple-statistics/node_modules/simple-statistics/src/bisect.js":{"path":"/home/travis/build/npmtest/node-npmtest-simple-statistics/node_modules/simple-statistics/src/bisect.js","s":{"1":1,"2":1,"3":0,"4":0,"5":0,"6":0,"7":0,"8":0,"9":0,"10":0,"11":0,"12":0,"13":1},"b":{"1":[0,0],"2":[0,0],"3":[0,0],"4":[0,0]},"f":{"1":0},"fnMap":{"1":{"name":"bisect","line":22,"loc":{"start":{"line":22,"column":0},"end":{"line":27,"column":44}}}},"statementMap":{"1":{"start":{"line":4,"column":0},"end":{"line":4,"column":29}},"2":{"start":{"line":22,"column":0},"end":{"line":46,"column":1}},"3":{"start":{"line":29,"column":4},"end":{"line":29,"column":83}},"4":{"start":{"line":29,"column":36},"end":{"line":29,"column":83}},"5":{"start":{"line":31,"column":4},"end":{"line":43,"column":5}},"6":{"start":{"line":32,"column":8},"end":{"line":32,"column":39}},"7":{"start":{"line":34,"column":8},"end":{"line":36,"column":9}},"8":{"start":{"line":35,"column":12},"end":{"line":35,"column":26}},"9":{"start":{"line":38,"column":8},"end":{"line":42,"column":9}},"10":{"start":{"line":39,"column":12},"end":{"line":39,"column":27}},"11":{"start":{"line":41,"column":12},"end":{"line":41,"column":25}},"12":{"start":{"line":45,"column":4},"end":{"line":45,"column":61}},"13":{"start":{"line":48,"column":0},"end":{"line":48,"column":24}}},"branchMap":{"1":{"line":29,"type":"if","locations":[{"start":{"line":29,"column":4},"end":{"line":29,"column":4}},{"start":{"line":29,"column":4},"end":{"line":29,"column":4}}]},"2":{"line":34,"type":"if","locations":[{"start":{"line":34,"column":8},"end":{"line":34,"column":8}},{"start":{"line":34,"column":8},"end":{"line":34,"column":8}}]},"3":{"line":34,"type":"binary-expr","locations":[{"start":{"line":34,"column":12},"end":{"line":34,"column":30}},{"start":{"line":34,"column":34},"end":{"line":34,"column":78}}]},"4":{"line":38,"type":"if","locations":[{"start":{"line":38,"column":8},"end":{"line":38,"column":8}},{"start":{"line":38,"column":8},"end":{"line":38,"column":8}}]}},"code":["'use strict';","/* @flow */","","var sign = require('./sign');","/**"," * [Bisection method](https://en.wikipedia.org/wiki/Bisection_method) is a root-finding "," * method that repeatedly bisects an interval to find the root."," * "," * This function returns a numerical approximation to the exact value."," * "," * @param {Function} func input function"," * @param {Number} start - start of interval"," * @param {Number} end - end of interval"," * @param {Number} maxIterations - the maximum number of iterations"," * @param {Number} errorTolerance - the error tolerance"," * @returns {Number} estimated root value"," * @throws {TypeError} Argument func must be a function"," * "," * @example"," * bisect(Math.cos,0,4,100,0.003); // => 1.572265625"," */","function bisect(","    func/*: (x: any) => number */,","    start/*: number */,","    end/*: number */,","    maxIterations/*: number */,","    errorTolerance/*: number */)/*:number*/ {","","    if (typeof func !== 'function') throw new TypeError('func must be a function');","    ","    for (var i = 0; i < maxIterations; i++) {","        var output = (start + end) / 2;","","        if (func(output) === 0 || Math.abs((end - start) / 2) < errorTolerance) {","            return output;","        }","","        if (sign(func(output)) === sign(func(start))) {","            start = output;","        } else {","            end = output;","        }","    }","    ","    throw new Error('maximum number of iterations exceeded');","}","","module.exports = bisect;",""],"l":{"4":1,"22":1,"29":0,"31":0,"32":0,"34":0,"35":0,"38":0,"39":0,"41":0,"45":0,"48":1}},"/home/travis/build/npmtest/node-npmtest-simple-statistics/node_modules/simple-statistics/src/sign.js":{"path":"/home/travis/build/npmtest/node-npmtest-simple-statistics/node_modules/simple-statistics/src/sign.js","s":{"1":1,"2":0,"3":0,"4":0,"5":0,"6":0,"7":0,"8":0,"9":1},"b":{"1":[0,0],"2":[0,0],"3":[0,0]},"f":{"1":0},"fnMap":{"1":{"name":"sign","line":16,"loc":{"start":{"line":16,"column":0},"end":{"line":16,"column":43}}}},"statementMap":{"1":{"start":{"line":16,"column":0},"end":{"line":28,"column":1}},"2":{"start":{"line":17,"column":4},"end":{"line":27,"column":5}},"3":{"start":{"line":18,"column":8},"end":{"line":24,"column":9}},"4":{"start":{"line":19,"column":12},"end":{"line":19,"column":22}},"5":{"start":{"line":20,"column":15},"end":{"line":24,"column":9}},"6":{"start":{"line":21,"column":12},"end":{"line":21,"column":20}},"7":{"start":{"line":23,"column":12},"end":{"line":23,"column":21}},"8":{"start":{"line":26,"column":8},"end":{"line":26,"column":44}},"9":{"start":{"line":30,"column":0},"end":{"line":30,"column":22}}},"branchMap":{"1":{"line":17,"type":"if","locations":[{"start":{"line":17,"column":4},"end":{"line":17,"column":4}},{"start":{"line":17,"column":4},"end":{"line":17,"column":4}}]},"2":{"line":18,"type":"if","locations":[{"start":{"line":18,"column":8},"end":{"line":18,"column":8}},{"start":{"line":18,"column":8},"end":{"line":18,"column":8}}]},"3":{"line":20,"type":"if","locations":[{"start":{"line":20,"column":15},"end":{"line":20,"column":15}},{"start":{"line":20,"column":15},"end":{"line":20,"column":15}}]}},"code":["'use strict';","/* @flow */","","/**"," * [Sign](https://en.wikipedia.org/wiki/Sign_function) is a function "," * that extracts the sign of a real number"," * "," * @param {Number} x input value"," * @returns {Number} sign value either 1, 0 or -1"," * @throws {TypeError} if the input argument x is not a number"," * @private"," * "," * @example"," * sign(2); // => 1"," */","function sign(x/*: number */)/*: number */ {","    if (typeof x === 'number') {","        if (x < 0) {","            return -1;","        } else if (x === 0) {","            return 0","        } else {","            return 1;","        }","    } else {","        throw new TypeError('not a number');","    }","}","","module.exports = sign;",""],"l":{"16":1,"17":0,"18":0,"19":0,"20":0,"21":0,"23":0,"26":0,"30":1}}}